{"meta": {"format": 3, "version": "7.13.1", "timestamp": "2026-01-28T16:13:37.742841", "branch_coverage": false, "show_contexts": false}, "files": {"app\\__init__.py": {"executed_lines": [], "summary": {"covered_lines": 0, "num_statements": 0, "percent_covered": 100.0, "percent_covered_display": "100.00", "missing_lines": 0, "excluded_lines": 0, "percent_statements_covered": 100.0, "percent_statements_covered_display": "100.00"}, "missing_lines": [], "excluded_lines": [], "functions": {"": {"executed_lines": [], "summary": {"covered_lines": 0, "num_statements": 0, "percent_covered": 100.0, "percent_covered_display": "100.00", "missing_lines": 0, "excluded_lines": 0, "percent_statements_covered": 100.0, "percent_statements_covered_display": "100.00"}, "missing_lines": [], "excluded_lines": [], "start_line": 1}}, "classes": {"": {"executed_lines": [], "summary": {"covered_lines": 0, "num_statements": 0, "percent_covered": 100.0, "percent_covered_display": "100.00", "missing_lines": 0, "excluded_lines": 0, "percent_statements_covered": 100.0, "percent_statements_covered_display": "100.00"}, "missing_lines": [], "excluded_lines": [], "start_line": 1}}}, "app\\api\\__init__.py": {"executed_lines": [], "summary": {"covered_lines": 0, "num_statements": 0, "percent_covered": 100.0, "percent_covered_display": "100.00", "missing_lines": 0, "excluded_lines": 0, "percent_statements_covered": 100.0, "percent_statements_covered_display": "100.00"}, "missing_lines": [], "excluded_lines": [], "functions": {"": {"executed_lines": [], "summary": {"covered_lines": 0, "num_statements": 0, "percent_covered": 100.0, "percent_covered_display": "100.00", "missing_lines": 0, "excluded_lines": 0, "percent_statements_covered": 100.0, "percent_statements_covered_display": "100.00"}, "missing_lines": [], "excluded_lines": [], "start_line": 1}}, "classes": {"": {"executed_lines": [], "summary": {"covered_lines": 0, "num_statements": 0, "percent_covered": 100.0, "percent_covered_display": "100.00", "missing_lines": 0, "excluded_lines": 0, "percent_statements_covered": 100.0, "percent_statements_covered_display": "100.00"}, "missing_lines": [], "excluded_lines": [], "start_line": 1}}}, "app\\api\\approvals.py": {"executed_lines": [], "summary": {"covered_lines": 0, "num_statements": 72, "percent_covered": 0.0, "percent_covered_display": "0.00", "missing_lines": 72, "excluded_lines": 0, "percent_statements_covered": 0.0, "percent_statements_covered_display": "0.00"}, "missing_lines": [6, 7, 8, 9, 10, 12, 13, 14, 15, 17, 20, 23, 25, 26, 27, 28, 31, 33, 36, 38, 41, 42, 74, 76, 77, 78, 79, 85, 94, 96, 97, 98, 99, 102, 103, 132, 133, 140, 142, 143, 144, 145, 148, 149, 176, 177, 184, 186, 187, 188, 189, 192, 193, 230, 232, 233, 234, 235, 236, 237, 240, 246, 248, 249, 252, 253, 293, 296, 298, 299, 303, 305], "excluded_lines": [], "functions": {"submit_for_approval": {"executed_lines": [], "summary": {"covered_lines": 0, "num_statements": 11, "percent_covered": 0.0, "percent_covered_display": "0.00", "missing_lines": 11, "excluded_lines": 0, "percent_statements_covered": 0.0, "percent_statements_covered_display": "0.00"}, "missing_lines": [74, 76, 77, 78, 79, 85, 94, 96, 97, 98, 99], "excluded_lines": [], "start_line": 42}, "approve_request": {"executed_lines": [], "summary": {"covered_lines": 0, "num_statements": 7, "percent_covered": 0.0, "percent_covered_display": "0.00", "missing_lines": 7, "excluded_lines": 0, "percent_statements_covered": 0.0, "percent_statements_covered_display": "0.00"}, "missing_lines": [132, 133, 140, 142, 143, 144, 145], "excluded_lines": [], "start_line": 103}, "reject_request": {"executed_lines": [], "summary": {"covered_lines": 0, "num_statements": 7, "percent_covered": 0.0, "percent_covered_display": "0.00", "missing_lines": 7, "excluded_lines": 0, "percent_statements_covered": 0.0, "percent_statements_covered_display": "0.00"}, "missing_lines": [176, 177, 184, 186, 187, 188, 189], "excluded_lines": [], "start_line": 149}, "get_my_pending_approvals": {"executed_lines": [], "summary": {"covered_lines": 0, "num_statements": 11, "percent_covered": 0.0, "percent_covered_display": "0.00", "missing_lines": 11, "excluded_lines": 0, "percent_statements_covered": 0.0, "percent_statements_covered_display": "0.00"}, "missing_lines": [230, 232, 233, 234, 235, 236, 237, 240, 246, 248, 249], "excluded_lines": [], "start_line": 193}, "get_approval_history": {"executed_lines": [], "summary": {"covered_lines": 0, "num_statements": 4, "percent_covered": 0.0, "percent_covered_display": "0.00", "missing_lines": 4, "excluded_lines": 0, "percent_statements_covered": 0.0, "percent_statements_covered_display": "0.00"}, "missing_lines": [293, 296, 298, 299], "excluded_lines": [], "start_line": 253}, "register_approval_routes": {"executed_lines": [], "summary": {"covered_lines": 0, "num_statements": 1, "percent_covered": 0.0, "percent_covered_display": "0.00", "missing_lines": 1, "excluded_lines": 0, "percent_statements_covered": 0.0, "percent_statements_covered_display": "0.00"}, "missing_lines": [305], "excluded_lines": [], "start_line": 303}, "": {"executed_lines": [], "summary": {"covered_lines": 0, "num_statements": 31, "percent_covered": 0.0, "percent_covered_display": "0.00", "missing_lines": 31, "excluded_lines": 0, "percent_statements_covered": 0.0, "percent_statements_covered_display": "0.00"}, "missing_lines": [6, 7, 8, 9, 10, 12, 13, 14, 15, 17, 20, 23, 25, 26, 27, 28, 31, 33, 36, 38, 41, 42, 102, 103, 148, 149, 192, 193, 252, 253, 303], "excluded_lines": [], "start_line": 1}}, "classes": {"SubmitApprovalRequest": {"executed_lines": [], "summary": {"covered_lines": 0, "num_statements": 0, "percent_covered": 100.0, "percent_covered_display": "100.00", "missing_lines": 0, "excluded_lines": 0, "percent_statements_covered": 100.0, "percent_statements_covered_display": "100.00"}, "missing_lines": [], "excluded_lines": [], "start_line": 23}, "ApprovalActionRequest": {"executed_lines": [], "summary": {"covered_lines": 0, "num_statements": 0, "percent_covered": 100.0, "percent_covered_display": "100.00", "missing_lines": 0, "excluded_lines": 0, "percent_statements_covered": 100.0, "percent_statements_covered_display": "100.00"}, "missing_lines": [], "excluded_lines": [], "start_line": 31}, "RejectApprovalRequest": {"executed_lines": [], "summary": {"covered_lines": 0, "num_statements": 0, "percent_covered": 100.0, "percent_covered_display": "100.00", "missing_lines": 0, "excluded_lines": 0, "percent_statements_covered": 100.0, "percent_statements_covered_display": "100.00"}, "missing_lines": [], "excluded_lines": [], "start_line": 36}, "": {"executed_lines": [], "summary": {"covered_lines": 0, "num_statements": 72, "percent_covered": 0.0, "percent_covered_display": "0.00", "missing_lines": 72, "excluded_lines": 0, "percent_statements_covered": 0.0, "percent_statements_covered_display": "0.00"}, "missing_lines": [6, 7, 8, 9, 10, 12, 13, 14, 15, 17, 20, 23, 25, 26, 27, 28, 31, 33, 36, 38, 41, 42, 74, 76, 77, 78, 79, 85, 94, 96, 97, 98, 99, 102, 103, 132, 133, 140, 142, 143, 144, 145, 148, 149, 176, 177, 184, 186, 187, 188, 189, 192, 193, 230, 232, 233, 234, 235, 236, 237, 240, 246, 248, 249, 252, 253, 293, 296, 298, 299, 303, 305], "excluded_lines": [], "start_line": 1}}}, "app\\api\\v1\\__init__.py": {"executed_lines": [2, 5, 7], "summary": {"covered_lines": 3, "num_statements": 3, "percent_covered": 100.0, "percent_covered_display": "100.00", "missing_lines": 0, "excluded_lines": 0, "percent_statements_covered": 100.0, "percent_statements_covered_display": "100.00"}, "missing_lines": [], "excluded_lines": [], "functions": {"": {"executed_lines": [2, 5, 7], "summary": {"covered_lines": 3, "num_statements": 3, "percent_covered": 100.0, "percent_covered_display": "100.00", "missing_lines": 0, "excluded_lines": 0, "percent_statements_covered": 100.0, "percent_statements_covered_display": "100.00"}, "missing_lines": [], "excluded_lines": [], "start_line": 1}}, "classes": {"": {"executed_lines": [2, 5, 7], "summary": {"covered_lines": 3, "num_statements": 3, "percent_covered": 100.0, "percent_covered_display": "100.00", "missing_lines": 0, "excluded_lines": 0, "percent_statements_covered": 100.0, "percent_statements_covered_display": "100.00"}, "missing_lines": [], "excluded_lines": [], "start_line": 1}}}, "app\\api\\v1\\admin.py": {"executed_lines": [6, 8, 9, 10, 12, 13, 14, 15, 16, 18, 25, 28, 29, 30, 31, 34, 37, 38, 39, 40, 41, 42, 43, 44, 45, 48, 49, 85, 86, 118, 119, 181, 182, 216, 217, 247, 248, 285, 286, 325, 326, 365, 366, 420, 421, 465, 466, 536, 537, 605, 606], "summary": {"covered_lines": 51, "num_statements": 143, "percent_covered": 35.66433566433567, "percent_covered_display": "35.66", "missing_lines": 92, "excluded_lines": 0, "percent_statements_covered": 35.66433566433567, "percent_statements_covered_display": "35.66"}, "missing_lines": [67, 69, 103, 105, 144, 146, 147, 149, 151, 152, 153, 154, 159, 160, 162, 163, 165, 166, 168, 199, 201, 202, 207, 208, 210, 234, 236, 237, 238, 239, 241, 267, 270, 271, 273, 274, 275, 277, 304, 306, 307, 309, 341, 342, 344, 347, 356, 362, 374, 429, 483, 486, 511, 513, 549, 550, 553, 554, 555, 557, 558, 560, 561, 564, 569, 570, 573, 574, 582, 583, 586, 595, 600, 601, 602, 618, 621, 622, 623, 626, 627, 632, 633, 635, 636, 639, 648, 652, 653, 654, 655, 656], "excluded_lines": [], "functions": {"list_users": {"executed_lines": [], "summary": {"covered_lines": 0, "num_statements": 2, "percent_covered": 0.0, "percent_covered_display": "0.00", "missing_lines": 2, "excluded_lines": 0, "percent_statements_covered": 0.0, "percent_statements_covered_display": "0.00"}, "missing_lines": [67, 69], "excluded_lines": [], "start_line": 49}, "get_user": {"executed_lines": [], "summary": {"covered_lines": 0, "num_statements": 2, "percent_covered": 0.0, "percent_covered_display": "0.00", "missing_lines": 2, "excluded_lines": 0, "percent_statements_covered": 0.0, "percent_statements_covered_display": "0.00"}, "missing_lines": [103, 105], "excluded_lines": [], "start_line": 86}, "update_user": {"executed_lines": [], "summary": {"covered_lines": 0, "num_statements": 15, "percent_covered": 0.0, "percent_covered_display": "0.00", "missing_lines": 15, "excluded_lines": 0, "percent_statements_covered": 0.0, "percent_statements_covered_display": "0.00"}, "missing_lines": [144, 146, 147, 149, 151, 152, 153, 154, 159, 160, 162, 163, 165, 166, 168], "excluded_lines": [], "start_line": 119}, "deactivate_user": {"executed_lines": [], "summary": {"covered_lines": 0, "num_statements": 6, "percent_covered": 0.0, "percent_covered_display": "0.00", "missing_lines": 6, "excluded_lines": 0, "percent_statements_covered": 0.0, "percent_statements_covered_display": "0.00"}, "missing_lines": [199, 201, 202, 207, 208, 210], "excluded_lines": [], "start_line": 182}, "reactivate_user": {"executed_lines": [], "summary": {"covered_lines": 0, "num_statements": 6, "percent_covered": 0.0, "percent_covered_display": "0.00", "missing_lines": 6, "excluded_lines": 0, "percent_statements_covered": 0.0, "percent_statements_covered_display": "0.00"}, "missing_lines": [234, 236, 237, 238, 239, 241], "excluded_lines": [], "start_line": 217}, "reset_user_password": {"executed_lines": [], "summary": {"covered_lines": 0, "num_statements": 7, "percent_covered": 0.0, "percent_covered_display": "0.00", "missing_lines": 7, "excluded_lines": 0, "percent_statements_covered": 0.0, "percent_statements_covered_display": "0.00"}, "missing_lines": [267, 270, 271, 273, 274, 275, 277], "excluded_lines": [], "start_line": 248}, "list_users_by_role": {"executed_lines": [], "summary": {"covered_lines": 0, "num_statements": 4, "percent_covered": 0.0, "percent_covered_display": "0.00", "missing_lines": 4, "excluded_lines": 0, "percent_statements_covered": 0.0, "percent_statements_covered_display": "0.00"}, "missing_lines": [304, 306, 307, 309], "excluded_lines": [], "start_line": 286}, "get_environment_info": {"executed_lines": [], "summary": {"covered_lines": 0, "num_statements": 6, "percent_covered": 0.0, "percent_covered_display": "0.00", "missing_lines": 6, "excluded_lines": 0, "percent_statements_covered": 0.0, "percent_statements_covered_display": "0.00"}, "missing_lines": [341, 342, 344, 347, 356, 362], "excluded_lines": [], "start_line": 326}, "get_permissions": {"executed_lines": [], "summary": {"covered_lines": 0, "num_statements": 1, "percent_covered": 0.0, "percent_covered_display": "0.00", "missing_lines": 1, "excluded_lines": 0, "percent_statements_covered": 0.0, "percent_statements_covered_display": "0.00"}, "missing_lines": [374], "excluded_lines": [], "start_line": 366}, "get_products": {"executed_lines": [], "summary": {"covered_lines": 0, "num_statements": 1, "percent_covered": 0.0, "percent_covered_display": "0.00", "missing_lines": 1, "excluded_lines": 0, "percent_statements_covered": 0.0, "percent_statements_covered_display": "0.00"}, "missing_lines": [429], "excluded_lines": [], "start_line": 421}, "get_user_permissions": {"executed_lines": [], "summary": {"covered_lines": 0, "num_statements": 4, "percent_covered": 0.0, "percent_covered_display": "0.00", "missing_lines": 4, "excluded_lines": 0, "percent_statements_covered": 0.0, "percent_statements_covered_display": "0.00"}, "missing_lines": [483, 486, 511, 513], "excluded_lines": [], "start_line": 466}, "grant_permission_to_user": {"executed_lines": [], "summary": {"covered_lines": 0, "num_statements": 21, "percent_covered": 0.0, "percent_covered_display": "0.00", "missing_lines": 21, "excluded_lines": 0, "percent_statements_covered": 0.0, "percent_statements_covered_display": "0.00"}, "missing_lines": [549, 550, 553, 554, 555, 557, 558, 560, 561, 564, 569, 570, 573, 574, 582, 583, 586, 595, 600, 601, 602], "excluded_lines": [], "start_line": 537}, "revoke_permission_from_user": {"executed_lines": [], "summary": {"covered_lines": 0, "num_statements": 17, "percent_covered": 0.0, "percent_covered_display": "0.00", "missing_lines": 17, "excluded_lines": 0, "percent_statements_covered": 0.0, "percent_statements_covered_display": "0.00"}, "missing_lines": [618, 621, 622, 623, 626, 627, 632, 633, 635, 636, 639, 648, 652, 653, 654, 655, 656], "excluded_lines": [], "start_line": 606}, "": {"executed_lines": [6, 8, 9, 10, 12, 13, 14, 15, 16, 18, 25, 28, 29, 30, 31, 34, 37, 38, 39, 40, 41, 42, 43, 44, 45, 48, 49, 85, 86, 118, 119, 181, 182, 216, 217, 247, 248, 285, 286, 325, 326, 365, 366, 420, 421, 465, 466, 536, 537, 605, 606], "summary": {"covered_lines": 51, "num_statements": 51, "percent_covered": 100.0, "percent_covered_display": "100.00", "missing_lines": 0, "excluded_lines": 0, "percent_statements_covered": 100.0, "percent_statements_covered_display": "100.00"}, "missing_lines": [], "excluded_lines": [], "start_line": 1}}, "classes": {"UserUpdateRequest": {"executed_lines": [], "summary": {"covered_lines": 0, "num_statements": 0, "percent_covered": 100.0, "percent_covered_display": "100.00", "missing_lines": 0, "excluded_lines": 0, "percent_statements_covered": 100.0, "percent_statements_covered_display": "100.00"}, "missing_lines": [], "excluded_lines": [], "start_line": 25}, "UserListResponse": {"executed_lines": [], "summary": {"covered_lines": 0, "num_statements": 0, "percent_covered": 100.0, "percent_covered_display": "100.00", "missing_lines": 0, "excluded_lines": 0, "percent_statements_covered": 100.0, "percent_statements_covered_display": "100.00"}, "missing_lines": [], "excluded_lines": [], "start_line": 34}, "": {"executed_lines": [6, 8, 9, 10, 12, 13, 14, 15, 16, 18, 25, 28, 29, 30, 31, 34, 37, 38, 39, 40, 41, 42, 43, 44, 45, 48, 49, 85, 86, 118, 119, 181, 182, 216, 217, 247, 248, 285, 286, 325, 326, 365, 366, 420, 421, 465, 466, 536, 537, 605, 606], "summary": {"covered_lines": 51, "num_statements": 143, "percent_covered": 35.66433566433567, "percent_covered_display": "35.66", "missing_lines": 92, "excluded_lines": 0, "percent_statements_covered": 35.66433566433567, "percent_statements_covered_display": "35.66"}, "missing_lines": [67, 69, 103, 105, 144, 146, 147, 149, 151, 152, 153, 154, 159, 160, 162, 163, 165, 166, 168, 199, 201, 202, 207, 208, 210, 234, 236, 237, 238, 239, 241, 267, 270, 271, 273, 274, 275, 277, 304, 306, 307, 309, 341, 342, 344, 347, 356, 362, 374, 429, 483, 486, 511, 513, 549, 550, 553, 554, 555, 557, 558, 560, 561, 564, 569, 570, 573, 574, 582, 583, 586, 595, 600, 601, 602, 618, 621, 622, 623, 626, 627, 632, 633, 635, 636, 639, 648, 652, 653, 654, 655, 656], "excluded_lines": [], "start_line": 1}}}, "app\\api\\v1\\audit.py": {"executed_lines": [7, 9, 10, 11, 12, 14, 15, 16, 17, 18, 20, 27, 28, 29, 30, 31, 32, 33, 34, 35, 36, 37, 38, 39, 40, 41, 42, 44, 45, 48, 49, 50, 51, 52, 53, 54, 55, 57, 58, 61, 62, 63, 64, 65, 66, 67, 68, 69, 71, 72, 75, 76, 77, 78, 79, 80, 81, 88, 89, 160, 161, 175, 176, 198, 199, 278, 279, 317, 318, 353, 354, 420, 421], "summary": {"covered_lines": 73, "num_statements": 160, "percent_covered": 45.625, "percent_covered_display": "45.62", "missing_lines": 87, "excluded_lines": 0, "percent_statements_covered": 45.625, "percent_statements_covered_display": "45.62"}, "missing_lines": [117, 120, 121, 123, 124, 126, 127, 129, 130, 132, 133, 135, 136, 138, 139, 141, 142, 145, 148, 149, 151, 170, 172, 190, 195, 215, 218, 221, 226, 231, 232, 240, 248, 256, 294, 296, 297, 299, 300, 302, 303, 305, 306, 307, 309, 330, 332, 338, 339, 340, 341, 346, 366, 367, 369, 371, 373, 374, 375, 376, 378, 381, 382, 385, 391, 392, 405, 407, 462, 465, 466, 467, 468, 469, 470, 472, 473, 474, 475, 476, 477, 480, 483, 486, 487, 488, 506], "excluded_lines": [], "functions": {"get_audit_logs": {"executed_lines": [], "summary": {"covered_lines": 0, "num_statements": 21, "percent_covered": 0.0, "percent_covered_display": "0.00", "missing_lines": 21, "excluded_lines": 0, "percent_statements_covered": 0.0, "percent_statements_covered_display": "0.00"}, "missing_lines": [117, 120, 121, 123, 124, 126, 127, 129, 130, 132, 133, 135, 136, 138, 139, 141, 142, 145, 148, 149, 151], "excluded_lines": [], "start_line": 89}, "get_audit_log_detail": {"executed_lines": [], "summary": {"covered_lines": 0, "num_statements": 2, "percent_covered": 0.0, "percent_covered_display": "0.00", "missing_lines": 2, "excluded_lines": 0, "percent_statements_covered": 0.0, "percent_statements_covered_display": "0.00"}, "missing_lines": [170, 172], "excluded_lines": [], "start_line": 161}, "get_entity_audit_history": {"executed_lines": [], "summary": {"covered_lines": 0, "num_statements": 2, "percent_covered": 0.0, "percent_covered_display": "0.00", "missing_lines": 2, "excluded_lines": 0, "percent_statements_covered": 0.0, "percent_statements_covered_display": "0.00"}, "missing_lines": [190, 195], "excluded_lines": [], "start_line": 176}, "get_audit_summary": {"executed_lines": [], "summary": {"covered_lines": 0, "num_statements": 9, "percent_covered": 0.0, "percent_covered_display": "0.00", "missing_lines": 9, "excluded_lines": 0, "percent_statements_covered": 0.0, "percent_statements_covered_display": "0.00"}, "missing_lines": [215, 218, 221, 226, 231, 232, 240, 248, 256], "excluded_lines": [], "start_line": 199}, "get_security_logs": {"executed_lines": [], "summary": {"covered_lines": 0, "num_statements": 11, "percent_covered": 0.0, "percent_covered_display": "0.00", "missing_lines": 11, "excluded_lines": 0, "percent_statements_covered": 0.0, "percent_statements_covered_display": "0.00"}, "missing_lines": [294, 296, 297, 299, 300, 302, 303, 305, 306, 307, 309], "excluded_lines": [], "start_line": 279}, "get_user_activity": {"executed_lines": [], "summary": {"covered_lines": 0, "num_statements": 7, "percent_covered": 0.0, "percent_covered_display": "0.00", "missing_lines": 7, "excluded_lines": 0, "percent_statements_covered": 0.0, "percent_statements_covered_display": "0.00"}, "missing_lines": [330, 332, 338, 339, 340, 341, 346], "excluded_lines": [], "start_line": 318}, "export_audit_logs_csv": {"executed_lines": [], "summary": {"covered_lines": 0, "num_statements": 16, "percent_covered": 0.0, "percent_covered_display": "0.00", "missing_lines": 16, "excluded_lines": 0, "percent_statements_covered": 0.0, "percent_statements_covered_display": "0.00"}, "missing_lines": [366, 367, 369, 371, 373, 374, 375, 376, 378, 381, 382, 385, 391, 392, 405, 407], "excluded_lines": [], "start_line": 354}, "get_audit_trail_large_dataset": {"executed_lines": [], "summary": {"covered_lines": 0, "num_statements": 19, "percent_covered": 0.0, "percent_covered_display": "0.00", "missing_lines": 19, "excluded_lines": 0, "percent_statements_covered": 0.0, "percent_statements_covered_display": "0.00"}, "missing_lines": [462, 465, 466, 467, 468, 469, 470, 472, 473, 474, 475, 476, 477, 480, 483, 486, 487, 488, 506], "excluded_lines": [], "start_line": 421}, "": {"executed_lines": [7, 9, 10, 11, 12, 14, 15, 16, 17, 18, 20, 27, 28, 29, 30, 31, 32, 33, 34, 35, 36, 37, 38, 39, 40, 41, 42, 44, 45, 48, 49, 50, 51, 52, 53, 54, 55, 57, 58, 61, 62, 63, 64, 65, 66, 67, 68, 69, 71, 72, 75, 76, 77, 78, 79, 80, 81, 88, 89, 160, 161, 175, 176, 198, 199, 278, 279, 317, 318, 353, 354, 420, 421], "summary": {"covered_lines": 73, "num_statements": 73, "percent_covered": 100.0, "percent_covered_display": "100.00", "missing_lines": 0, "excluded_lines": 0, "percent_statements_covered": 100.0, "percent_statements_covered_display": "100.00"}, "missing_lines": [], "excluded_lines": [], "start_line": 1}}, "classes": {"AuditLogResponse": {"executed_lines": [], "summary": {"covered_lines": 0, "num_statements": 0, "percent_covered": 100.0, "percent_covered_display": "100.00", "missing_lines": 0, "excluded_lines": 0, "percent_statements_covered": 100.0, "percent_statements_covered_display": "100.00"}, "missing_lines": [], "excluded_lines": [], "start_line": 27}, "AuditLogResponse.Config": {"executed_lines": [], "summary": {"covered_lines": 0, "num_statements": 0, "percent_covered": 100.0, "percent_covered_display": "100.00", "missing_lines": 0, "excluded_lines": 0, "percent_statements_covered": 100.0, "percent_statements_covered_display": "100.00"}, "missing_lines": [], "excluded_lines": [], "start_line": 44}, "UserActivityResponse": {"executed_lines": [], "summary": {"covered_lines": 0, "num_statements": 0, "percent_covered": 100.0, "percent_covered_display": "100.00", "missing_lines": 0, "excluded_lines": 0, "percent_statements_covered": 100.0, "percent_statements_covered_display": "100.00"}, "missing_lines": [], "excluded_lines": [], "start_line": 48}, "UserActivityResponse.Config": {"executed_lines": [], "summary": {"covered_lines": 0, "num_statements": 0, "percent_covered": 100.0, "percent_covered_display": "100.00", "missing_lines": 0, "excluded_lines": 0, "percent_statements_covered": 100.0, "percent_statements_covered_display": "100.00"}, "missing_lines": [], "excluded_lines": [], "start_line": 57}, "SecurityLogResponse": {"executed_lines": [], "summary": {"covered_lines": 0, "num_statements": 0, "percent_covered": 100.0, "percent_covered_display": "100.00", "missing_lines": 0, "excluded_lines": 0, "percent_statements_covered": 100.0, "percent_statements_covered_display": "100.00"}, "missing_lines": [], "excluded_lines": [], "start_line": 61}, "SecurityLogResponse.Config": {"executed_lines": [], "summary": {"covered_lines": 0, "num_statements": 0, "percent_covered": 100.0, "percent_covered_display": "100.00", "missing_lines": 0, "excluded_lines": 0, "percent_statements_covered": 100.0, "percent_statements_covered_display": "100.00"}, "missing_lines": [], "excluded_lines": [], "start_line": 71}, "AuditSummaryResponse": {"executed_lines": [], "summary": {"covered_lines": 0, "num_statements": 0, "percent_covered": 100.0, "percent_covered_display": "100.00", "missing_lines": 0, "excluded_lines": 0, "percent_statements_covered": 100.0, "percent_statements_covered_display": "100.00"}, "missing_lines": [], "excluded_lines": [], "start_line": 75}, "": {"executed_lines": [7, 9, 10, 11, 12, 14, 15, 16, 17, 18, 20, 27, 28, 29, 30, 31, 32, 33, 34, 35, 36, 37, 38, 39, 40, 41, 42, 44, 45, 48, 49, 50, 51, 52, 53, 54, 55, 57, 58, 61, 62, 63, 64, 65, 66, 67, 68, 69, 71, 72, 75, 76, 77, 78, 79, 80, 81, 88, 89, 160, 161, 175, 176, 198, 199, 278, 279, 317, 318, 353, 354, 420, 421], "summary": {"covered_lines": 73, "num_statements": 160, "percent_covered": 45.625, "percent_covered_display": "45.62", "missing_lines": 87, "excluded_lines": 0, "percent_statements_covered": 45.625, "percent_statements_covered_display": "45.62"}, "missing_lines": [117, 120, 121, 123, 124, 126, 127, 129, 130, 132, 133, 135, 136, 138, 139, 141, 142, 145, 148, 149, 151, 170, 172, 190, 195, 215, 218, 221, 226, 231, 232, 240, 248, 256, 294, 296, 297, 299, 300, 302, 303, 305, 306, 307, 309, 330, 332, 338, 339, 340, 341, 346, 366, 367, 369, 371, 373, 374, 375, 376, 378, 381, 382, 385, 391, 392, 405, 407, 462, 465, 466, 467, 468, 469, 470, 472, 473, 474, 475, 476, 477, 480, 483, 486, 487, 488, 506], "excluded_lines": [], "start_line": 1}}}, "app\\api\\v1\\auth.py": {"executed_lines": [5, 7, 8, 9, 11, 12, 13, 14, 15, 17, 24, 25, 92, 93, 201, 202, 256, 257, 288, 291, 292, 295, 296, 333, 334, 351, 352], "summary": {"covered_lines": 27, "num_statements": 87, "percent_covered": 31.03448275862069, "percent_covered_display": "31.03", "missing_lines": 60, "excluded_lines": 0, "percent_statements_covered": 31.03448275862069, "percent_statements_covered_display": "31.03"}, "missing_lines": [46, 47, 48, 54, 55, 56, 62, 65, 67, 77, 78, 79, 81, 114, 118, 119, 125, 126, 128, 129, 130, 135, 136, 142, 144, 147, 148, 149, 150, 155, 156, 162, 163, 164, 167, 169, 176, 181, 184, 217, 218, 219, 225, 226, 227, 232, 233, 239, 241, 248, 277, 315, 316, 322, 325, 326, 328, 330, 345, 383], "excluded_lines": [], "functions": {"register": {"executed_lines": [], "summary": {"covered_lines": 0, "num_statements": 13, "percent_covered": 0.0, "percent_covered_display": "0.00", "missing_lines": 13, "excluded_lines": 0, "percent_statements_covered": 0.0, "percent_statements_covered_display": "0.00"}, "missing_lines": [46, 47, 48, 54, 55, 56, 62, 65, 67, 77, 78, 79, 81], "excluded_lines": [], "start_line": 25}, "login": {"executed_lines": [], "summary": {"covered_lines": 0, "num_statements": 26, "percent_covered": 0.0, "percent_covered_display": "0.00", "missing_lines": 26, "excluded_lines": 0, "percent_statements_covered": 0.0, "percent_statements_covered_display": "0.00"}, "missing_lines": [114, 118, 119, 125, 126, 128, 129, 130, 135, 136, 142, 144, 147, 148, 149, 150, 155, 156, 162, 163, 164, 167, 169, 176, 181, 184], "excluded_lines": [], "start_line": 93}, "refresh_token": {"executed_lines": [], "summary": {"covered_lines": 0, "num_statements": 11, "percent_covered": 0.0, "percent_covered_display": "0.00", "missing_lines": 11, "excluded_lines": 0, "percent_statements_covered": 0.0, "percent_statements_covered_display": "0.00"}, "missing_lines": [217, 218, 219, 225, 226, 227, 232, 233, 239, 241, 248], "excluded_lines": [], "start_line": 202}, "get_current_user_info": {"executed_lines": [], "summary": {"covered_lines": 0, "num_statements": 1, "percent_covered": 0.0, "percent_covered_display": "0.00", "missing_lines": 1, "excluded_lines": 0, "percent_statements_covered": 0.0, "percent_statements_covered_display": "0.00"}, "missing_lines": [277], "excluded_lines": [], "start_line": 257}, "change_password": {"executed_lines": [], "summary": {"covered_lines": 0, "num_statements": 7, "percent_covered": 0.0, "percent_covered_display": "0.00", "missing_lines": 7, "excluded_lines": 0, "percent_statements_covered": 0.0, "percent_statements_covered_display": "0.00"}, "missing_lines": [315, 316, 322, 325, 326, 328, 330], "excluded_lines": [], "start_line": 296}, "logout": {"executed_lines": [], "summary": {"covered_lines": 0, "num_statements": 1, "percent_covered": 0.0, "percent_covered_display": "0.00", "missing_lines": 1, "excluded_lines": 0, "percent_statements_covered": 0.0, "percent_statements_covered_display": "0.00"}, "missing_lines": [345], "excluded_lines": [], "start_line": 334}, "get_user_permissions": {"executed_lines": [], "summary": {"covered_lines": 0, "num_statements": 1, "percent_covered": 0.0, "percent_covered_display": "0.00", "missing_lines": 1, "excluded_lines": 0, "percent_statements_covered": 0.0, "percent_statements_covered_display": "0.00"}, "missing_lines": [383], "excluded_lines": [], "start_line": 352}, "": {"executed_lines": [5, 7, 8, 9, 11, 12, 13, 14, 15, 17, 24, 25, 92, 93, 201, 202, 256, 257, 288, 291, 292, 295, 296, 333, 334, 351, 352], "summary": {"covered_lines": 27, "num_statements": 27, "percent_covered": 100.0, "percent_covered_display": "100.00", "missing_lines": 0, "excluded_lines": 0, "percent_statements_covered": 100.0, "percent_statements_covered_display": "100.00"}, "missing_lines": [], "excluded_lines": [], "start_line": 1}}, "classes": {"PasswordChangeRequest": {"executed_lines": [], "summary": {"covered_lines": 0, "num_statements": 0, "percent_covered": 100.0, "percent_covered_display": "100.00", "missing_lines": 0, "excluded_lines": 0, "percent_statements_covered": 100.0, "percent_statements_covered_display": "100.00"}, "missing_lines": [], "excluded_lines": [], "start_line": 288}, "": {"executed_lines": [5, 7, 8, 9, 11, 12, 13, 14, 15, 17, 24, 25, 92, 93, 201, 202, 256, 257, 288, 291, 292, 295, 296, 333, 334, 351, 352], "summary": {"covered_lines": 27, "num_statements": 87, "percent_covered": 31.03448275862069, "percent_covered_display": "31.03", "missing_lines": 60, "excluded_lines": 0, "percent_statements_covered": 31.03448275862069, "percent_statements_covered_display": "31.03"}, "missing_lines": [46, 47, 48, 54, 55, 56, 62, 65, 67, 77, 78, 79, 81, 114, 118, 119, 125, 126, 128, 129, 130, 135, 136, 142, 144, 147, 148, 149, 150, 155, 156, 162, 163, 164, 167, 169, 176, 181, 184, 217, 218, 219, 225, 226, 227, 232, 233, 239, 241, 248, 277, 315, 316, 322, 325, 326, 328, 330, 345, 383], "excluded_lines": [], "start_line": 1}}}, "app\\api\\v1\\barcode.py": {"executed_lines": [5, 7, 8, 9, 10, 12, 13, 14, 15, 16, 17, 19, 24, 25, 26, 27, 30, 31, 32, 33, 34, 35, 36, 37, 38, 41, 42, 43, 44, 45, 46, 47, 50, 51, 52, 53, 54, 55, 56, 59, 60, 61, 62, 63, 64, 65, 66, 67, 72, 73, 137, 138, 248, 249, 363, 364, 407, 408], "summary": {"covered_lines": 58, "num_statements": 133, "percent_covered": 43.609022556390975, "percent_covered_display": "43.61", "missing_lines": 75, "excluded_lines": 0, "percent_statements_covered": 43.609022556390975, "percent_statements_covered_display": "43.61"}, "missing_lines": [82, 85, 87, 88, 94, 103, 106, 112, 115, 116, 125, 147, 150, 152, 153, 159, 160, 162, 163, 172, 173, 176, 183, 186, 198, 201, 210, 212, 213, 215, 222, 224, 227, 234, 258, 261, 263, 264, 270, 282, 284, 285, 291, 293, 294, 300, 301, 303, 304, 305, 307, 308, 311, 312, 315, 318, 319, 325, 337, 339, 342, 349, 378, 380, 402, 403, 404, 413, 416, 425, 428, 437, 440, 444, 446], "excluded_lines": [], "functions": {"validate_barcode": {"executed_lines": [], "summary": {"covered_lines": 0, "num_statements": 11, "percent_covered": 0.0, "percent_covered_display": "0.00", "missing_lines": 11, "excluded_lines": 0, "percent_statements_covered": 0.0, "percent_statements_covered_display": "0.00"}, "missing_lines": [82, 85, 87, 88, 94, 103, 106, 112, 115, 116, 125], "excluded_lines": [], "start_line": 73}, "receive_goods": {"executed_lines": [], "summary": {"covered_lines": 0, "num_statements": 23, "percent_covered": 0.0, "percent_covered_display": "0.00", "missing_lines": 23, "excluded_lines": 0, "percent_statements_covered": 0.0, "percent_statements_covered_display": "0.00"}, "missing_lines": [147, 150, 152, 153, 159, 160, 162, 163, 172, 173, 176, 183, 186, 198, 201, 210, 212, 213, 215, 222, 224, 227, 234], "excluded_lines": [], "start_line": 138}, "pick_goods": {"executed_lines": [], "summary": {"covered_lines": 0, "num_statements": 28, "percent_covered": 0.0, "percent_covered_display": "0.00", "missing_lines": 28, "excluded_lines": 0, "percent_statements_covered": 0.0, "percent_statements_covered_display": "0.00"}, "missing_lines": [258, 261, 263, 264, 270, 282, 284, 285, 291, 293, 294, 300, 301, 303, 304, 305, 307, 308, 311, 312, 315, 318, 319, 325, 337, 339, 342, 349], "excluded_lines": [], "start_line": 249}, "get_barcode_history": {"executed_lines": [], "summary": {"covered_lines": 0, "num_statements": 5, "percent_covered": 0.0, "percent_covered_display": "0.00", "missing_lines": 5, "excluded_lines": 0, "percent_statements_covered": 0.0, "percent_statements_covered_display": "0.00"}, "missing_lines": [378, 380, 402, 403, 404], "excluded_lines": [], "start_line": 364}, "get_barcode_stats": {"executed_lines": [], "summary": {"covered_lines": 0, "num_statements": 8, "percent_covered": 0.0, "percent_covered_display": "0.00", "missing_lines": 8, "excluded_lines": 0, "percent_statements_covered": 0.0, "percent_statements_covered_display": "0.00"}, "missing_lines": [413, 416, 425, 428, 437, 440, 444, 446], "excluded_lines": [], "start_line": 408}, "": {"executed_lines": [5, 7, 8, 9, 10, 12, 13, 14, 15, 16, 17, 19, 24, 25, 26, 27, 30, 31, 32, 33, 34, 35, 36, 37, 38, 41, 42, 43, 44, 45, 46, 47, 50, 51, 52, 53, 54, 55, 56, 59, 60, 61, 62, 63, 64, 65, 66, 67, 72, 73, 137, 138, 248, 249, 363, 364, 407, 408], "summary": {"covered_lines": 58, "num_statements": 58, "percent_covered": 100.0, "percent_covered_display": "100.00", "missing_lines": 0, "excluded_lines": 0, "percent_statements_covered": 100.0, "percent_statements_covered_display": "100.00"}, "missing_lines": [], "excluded_lines": [], "start_line": 1}}, "classes": {"BarcodeValidationRequest": {"executed_lines": [], "summary": {"covered_lines": 0, "num_statements": 0, "percent_covered": 100.0, "percent_covered_display": "100.00", "missing_lines": 0, "excluded_lines": 0, "percent_statements_covered": 100.0, "percent_statements_covered_display": "100.00"}, "missing_lines": [], "excluded_lines": [], "start_line": 24}, "BarcodeValidationResponse": {"executed_lines": [], "summary": {"covered_lines": 0, "num_statements": 0, "percent_covered": 100.0, "percent_covered_display": "100.00", "missing_lines": 0, "excluded_lines": 0, "percent_statements_covered": 100.0, "percent_statements_covered_display": "100.00"}, "missing_lines": [], "excluded_lines": [], "start_line": 30}, "ReceiveGoodsRequest": {"executed_lines": [], "summary": {"covered_lines": 0, "num_statements": 0, "percent_covered": 100.0, "percent_covered_display": "100.00", "missing_lines": 0, "excluded_lines": 0, "percent_statements_covered": 100.0, "percent_statements_covered_display": "100.00"}, "missing_lines": [], "excluded_lines": [], "start_line": 41}, "PickGoodsRequest": {"executed_lines": [], "summary": {"covered_lines": 0, "num_statements": 0, "percent_covered": 100.0, "percent_covered_display": "100.00", "missing_lines": 0, "excluded_lines": 0, "percent_statements_covered": 100.0, "percent_statements_covered_display": "100.00"}, "missing_lines": [], "excluded_lines": [], "start_line": 50}, "BarcodeHistoryResponse": {"executed_lines": [], "summary": {"covered_lines": 0, "num_statements": 0, "percent_covered": 100.0, "percent_covered_display": "100.00", "missing_lines": 0, "excluded_lines": 0, "percent_statements_covered": 100.0, "percent_statements_covered_display": "100.00"}, "missing_lines": [], "excluded_lines": [], "start_line": 59}, "": {"executed_lines": [5, 7, 8, 9, 10, 12, 13, 14, 15, 16, 17, 19, 24, 25, 26, 27, 30, 31, 32, 33, 34, 35, 36, 37, 38, 41, 42, 43, 44, 45, 46, 47, 50, 51, 52, 53, 54, 55, 56, 59, 60, 61, 62, 63, 64, 65, 66, 67, 72, 73, 137, 138, 248, 249, 363, 364, 407, 408], "summary": {"covered_lines": 58, "num_statements": 133, "percent_covered": 43.609022556390975, "percent_covered_display": "43.61", "missing_lines": 75, "excluded_lines": 0, "percent_statements_covered": 43.609022556390975, "percent_statements_covered_display": "43.61"}, "missing_lines": [82, 85, 87, 88, 94, 103, 106, 112, 115, 116, 125, 147, 150, 152, 153, 159, 160, 162, 163, 172, 173, 176, 183, 186, 198, 201, 210, 212, 213, 215, 222, 224, 227, 234, 258, 261, 263, 264, 270, 282, 284, 285, 291, 293, 294, 300, 301, 303, 304, 305, 307, 308, 311, 312, 315, 318, 319, 325, 337, 339, 342, 349, 378, 380, 402, 403, 404, 413, 416, 425, 428, 437, 440, 444, 446], "excluded_lines": [], "start_line": 1}}}, "app\\api\\v1\\dashboard.py": {"executed_lines": [10, 12, 13, 14, 16, 17, 18, 20, 26, 27, 116, 117, 178, 179, 243, 244, 288, 289], "summary": {"covered_lines": 18, "num_statements": 54, "percent_covered": 33.333333333333336, "percent_covered_display": "33.33", "missing_lines": 36, "excluded_lines": 0, "percent_statements_covered": 33.333333333333336, "percent_statements_covered_display": "33.33"}, "missing_lines": [43, 45, 46, 57, 59, 60, 68, 70, 71, 74, 76, 78, 82, 87, 88, 90, 99, 101, 102, 135, 193, 194, 205, 207, 216, 218, 260, 271, 273, 306, 307, 308, 309, 311, 315, 316], "excluded_lines": [], "functions": {"get_dashboard_stats": {"executed_lines": [], "summary": {"covered_lines": 0, "num_statements": 19, "percent_covered": 0.0, "percent_covered_display": "0.00", "missing_lines": 19, "excluded_lines": 0, "percent_statements_covered": 0.0, "percent_statements_covered_display": "0.00"}, "missing_lines": [43, 45, 46, 57, 59, 60, 68, 70, 71, 74, 76, 78, 82, 87, 88, 90, 99, 101, 102], "excluded_lines": [], "start_line": 27}, "get_production_status": {"executed_lines": [], "summary": {"covered_lines": 0, "num_statements": 1, "percent_covered": 0.0, "percent_covered_display": "0.00", "missing_lines": 1, "excluded_lines": 0, "percent_statements_covered": 0.0, "percent_statements_covered_display": "0.00"}, "missing_lines": [135], "excluded_lines": [], "start_line": 117}, "get_recent_alerts": {"executed_lines": [], "summary": {"covered_lines": 0, "num_statements": 6, "percent_covered": 0.0, "percent_covered_display": "0.00", "missing_lines": 6, "excluded_lines": 0, "percent_statements_covered": 0.0, "percent_statements_covered_display": "0.00"}, "missing_lines": [193, 194, 205, 207, 216, 218], "excluded_lines": [], "start_line": 179}, "get_mo_trends": {"executed_lines": [], "summary": {"covered_lines": 0, "num_statements": 3, "percent_covered": 0.0, "percent_covered_display": "0.00", "missing_lines": 3, "excluded_lines": 0, "percent_statements_covered": 0.0, "percent_statements_covered_display": "0.00"}, "missing_lines": [260, 271, 273], "excluded_lines": [], "start_line": 244}, "refresh_materialized_views": {"executed_lines": [], "summary": {"covered_lines": 0, "num_statements": 7, "percent_covered": 0.0, "percent_covered_display": "0.00", "missing_lines": 7, "excluded_lines": 0, "percent_statements_covered": 0.0, "percent_statements_covered_display": "0.00"}, "missing_lines": [306, 307, 308, 309, 311, 315, 316], "excluded_lines": [], "start_line": 289}, "": {"executed_lines": [10, 12, 13, 14, 16, 17, 18, 20, 26, 27, 116, 117, 178, 179, 243, 244, 288, 289], "summary": {"covered_lines": 18, "num_statements": 18, "percent_covered": 100.0, "percent_covered_display": "100.00", "missing_lines": 0, "excluded_lines": 0, "percent_statements_covered": 100.0, "percent_statements_covered_display": "100.00"}, "missing_lines": [], "excluded_lines": [], "start_line": 1}}, "classes": {"": {"executed_lines": [10, 12, 13, 14, 16, 17, 18, 20, 26, 27, 116, 117, 178, 179, 243, 244, 288, 289], "summary": {"covered_lines": 18, "num_statements": 54, "percent_covered": 33.333333333333336, "percent_covered_display": "33.33", "missing_lines": 36, "excluded_lines": 0, "percent_statements_covered": 33.333333333333336, "percent_statements_covered_display": "33.33"}, "missing_lines": [43, 45, 46, 57, 59, 60, 68, 70, 71, 74, 76, 78, 82, 87, 88, 90, 99, 101, 102, 135, 193, 194, 205, 207, 216, 218, 260, 271, 273, 306, 307, 308, 309, 311, 315, 316], "excluded_lines": [], "start_line": 1}}}, "app\\api\\v1\\embroidery.py": {"executed_lines": [8, 9, 10, 12, 13, 14, 15, 16, 18, 22, 23, 24, 25, 26, 29, 30, 31, 32, 33, 34, 35, 36, 37, 38, 39, 41, 42, 45, 46, 47, 48, 49, 50, 52, 53, 57, 58, 72, 73, 92, 93, 121, 122, 141, 142, 165, 166], "summary": {"covered_lines": 47, "num_statements": 83, "percent_covered": 56.626506024096386, "percent_covered_display": "56.63", "missing_lines": 36, "excluded_lines": 0, "percent_statements_covered": 56.626506024096386, "percent_statements_covered_display": "56.63"}, "missing_lines": [67, 68, 69, 84, 85, 86, 87, 88, 89, 106, 107, 108, 116, 117, 118, 133, 134, 135, 136, 137, 138, 153, 154, 155, 156, 161, 162, 174, 175, 176, 179, 180, 181, 188, 189, 190], "excluded_lines": [], "functions": {"get_embroidery_work_orders": {"executed_lines": [], "summary": {"covered_lines": 0, "num_statements": 3, "percent_covered": 0.0, "percent_covered_display": "0.00", "missing_lines": 3, "excluded_lines": 0, "percent_statements_covered": 0.0, "percent_statements_covered_display": "0.00"}, "missing_lines": [67, 68, 69], "excluded_lines": [], "start_line": 58}, "start_embroidery_work_order": {"executed_lines": [], "summary": {"covered_lines": 0, "num_statements": 6, "percent_covered": 0.0, "percent_covered_display": "0.00", "missing_lines": 6, "excluded_lines": 0, "percent_statements_covered": 0.0, "percent_statements_covered_display": "0.00"}, "missing_lines": [84, 85, 86, 87, 88, 89], "excluded_lines": [], "start_line": 73}, "record_embroidery_output": {"executed_lines": [], "summary": {"covered_lines": 0, "num_statements": 6, "percent_covered": 0.0, "percent_covered_display": "0.00", "missing_lines": 6, "excluded_lines": 0, "percent_statements_covered": 0.0, "percent_statements_covered_display": "0.00"}, "missing_lines": [106, 107, 108, 116, 117, 118], "excluded_lines": [], "start_line": 93}, "complete_embroidery_work_order": {"executed_lines": [], "summary": {"covered_lines": 0, "num_statements": 6, "percent_covered": 0.0, "percent_covered_display": "0.00", "missing_lines": 6, "excluded_lines": 0, "percent_statements_covered": 0.0, "percent_statements_covered_display": "0.00"}, "missing_lines": [133, 134, 135, 136, 137, 138], "excluded_lines": [], "start_line": 122}, "transfer_to_sewing": {"executed_lines": [], "summary": {"covered_lines": 0, "num_statements": 6, "percent_covered": 0.0, "percent_covered_display": "0.00", "missing_lines": 6, "excluded_lines": 0, "percent_statements_covered": 0.0, "percent_statements_covered_display": "0.00"}, "missing_lines": [153, 154, 155, 156, 161, 162], "excluded_lines": [], "start_line": 142}, "get_line_status": {"executed_lines": [], "summary": {"covered_lines": 0, "num_statements": 9, "percent_covered": 0.0, "percent_covered_display": "0.00", "missing_lines": 9, "excluded_lines": 0, "percent_statements_covered": 0.0, "percent_statements_covered_display": "0.00"}, "missing_lines": [174, 175, 176, 179, 180, 181, 188, 189, 190], "excluded_lines": [], "start_line": 166}, "": {"executed_lines": [8, 9, 10, 12, 13, 14, 15, 16, 18, 22, 23, 24, 25, 26, 29, 30, 31, 32, 33, 34, 35, 36, 37, 38, 39, 41, 42, 45, 46, 47, 48, 49, 50, 52, 53, 57, 58, 72, 73, 92, 93, 121, 122, 141, 142, 165, 166], "summary": {"covered_lines": 47, "num_statements": 47, "percent_covered": 100.0, "percent_covered_display": "100.00", "missing_lines": 0, "excluded_lines": 0, "percent_statements_covered": 100.0, "percent_statements_covered_display": "100.00"}, "missing_lines": [], "excluded_lines": [], "start_line": 1}}, "classes": {"EmbroideryOutputRequest": {"executed_lines": [], "summary": {"covered_lines": 0, "num_statements": 0, "percent_covered": 100.0, "percent_covered_display": "100.00", "missing_lines": 0, "excluded_lines": 0, "percent_statements_covered": 100.0, "percent_statements_covered_display": "100.00"}, "missing_lines": [], "excluded_lines": [], "start_line": 22}, "WorkOrderResponse": {"executed_lines": [], "summary": {"covered_lines": 0, "num_statements": 0, "percent_covered": 100.0, "percent_covered_display": "100.00", "missing_lines": 0, "excluded_lines": 0, "percent_statements_covered": 100.0, "percent_statements_covered_display": "100.00"}, "missing_lines": [], "excluded_lines": [], "start_line": 29}, "WorkOrderResponse.Config": {"executed_lines": [], "summary": {"covered_lines": 0, "num_statements": 0, "percent_covered": 100.0, "percent_covered_display": "100.00", "missing_lines": 0, "excluded_lines": 0, "percent_statements_covered": 100.0, "percent_statements_covered_display": "100.00"}, "missing_lines": [], "excluded_lines": [], "start_line": 41}, "LineStatusResponse": {"executed_lines": [], "summary": {"covered_lines": 0, "num_statements": 0, "percent_covered": 100.0, "percent_covered_display": "100.00", "missing_lines": 0, "excluded_lines": 0, "percent_statements_covered": 100.0, "percent_statements_covered_display": "100.00"}, "missing_lines": [], "excluded_lines": [], "start_line": 45}, "LineStatusResponse.Config": {"executed_lines": [], "summary": {"covered_lines": 0, "num_statements": 0, "percent_covered": 100.0, "percent_covered_display": "100.00", "missing_lines": 0, "excluded_lines": 0, "percent_statements_covered": 100.0, "percent_statements_covered_display": "100.00"}, "missing_lines": [], "excluded_lines": [], "start_line": 52}, "": {"executed_lines": [8, 9, 10, 12, 13, 14, 15, 16, 18, 22, 23, 24, 25, 26, 29, 30, 31, 32, 33, 34, 35, 36, 37, 38, 39, 41, 42, 45, 46, 47, 48, 49, 50, 52, 53, 57, 58, 72, 73, 92, 93, 121, 122, 141, 142, 165, 166], "summary": {"covered_lines": 47, "num_statements": 83, "percent_covered": 56.626506024096386, "percent_covered_display": "56.63", "missing_lines": 36, "excluded_lines": 0, "percent_statements_covered": 56.626506024096386, "percent_statements_covered_display": "56.63"}, "missing_lines": [67, 68, 69, 84, 85, 86, 87, 88, 89, 106, 107, 108, 116, 117, 118, 133, 134, 135, 136, 137, 138, 153, 154, 155, 156, 161, 162, 174, 175, 176, 179, 180, 181, 188, 189, 190], "excluded_lines": [], "start_line": 1}}}, "app\\api\\v1\\finishgoods.py": {"executed_lines": [8, 9, 10, 12, 13, 14, 15, 16, 18, 22, 23, 24, 27, 28, 29, 30, 31, 34, 35, 36, 39, 40, 41, 42, 43, 44, 45, 46, 49, 50, 51, 52, 53, 54, 55, 58, 59, 60, 61, 62, 63, 67, 68, 86, 87, 111, 112, 141, 142, 167, 168, 191, 192, 205, 206], "summary": {"covered_lines": 55, "num_statements": 83, "percent_covered": 66.26506024096386, "percent_covered_display": "66.27", "missing_lines": 28, "excluded_lines": 0, "percent_statements_covered": 66.26506024096386, "percent_statements_covered_display": "66.27"}, "missing_lines": [79, 80, 84, 94, 124, 125, 126, 131, 137, 138, 153, 154, 155, 162, 163, 164, 179, 180, 181, 186, 187, 188, 200, 201, 202, 218, 219, 220], "excluded_lines": [], "functions": {"get_finishgoods_inventory": {"executed_lines": [], "summary": {"covered_lines": 0, "num_statements": 3, "percent_covered": 0.0, "percent_covered_display": "0.00", "missing_lines": 3, "excluded_lines": 0, "percent_statements_covered": 0.0, "percent_statements_covered_display": "0.00"}, "missing_lines": [79, 80, 84], "excluded_lines": [], "start_line": 68}, "get_stock_aging": {"executed_lines": [], "summary": {"covered_lines": 0, "num_statements": 3, "percent_covered": 0.0, "percent_covered_display": "0.00", "missing_lines": 3, "excluded_lines": 0, "percent_statements_covered": 0.0, "percent_statements_covered_display": "0.00"}, "missing_lines": [218, 219, 220], "excluded_lines": [], "start_line": 206}, "receive_from_packing": {"executed_lines": [], "summary": {"covered_lines": 0, "num_statements": 6, "percent_covered": 0.0, "percent_covered_display": "0.00", "missing_lines": 6, "excluded_lines": 0, "percent_statements_covered": 0.0, "percent_statements_covered_display": "0.00"}, "missing_lines": [124, 125, 126, 131, 137, 138], "excluded_lines": [], "start_line": 112}, "prepare_shipment": {"executed_lines": [], "summary": {"covered_lines": 0, "num_statements": 6, "percent_covered": 0.0, "percent_covered_display": "0.00", "missing_lines": 6, "excluded_lines": 0, "percent_statements_covered": 0.0, "percent_statements_covered_display": "0.00"}, "missing_lines": [153, 154, 155, 162, 163, 164], "excluded_lines": [], "start_line": 142}, "ship_finishgoods": {"executed_lines": [], "summary": {"covered_lines": 0, "num_statements": 6, "percent_covered": 0.0, "percent_covered_display": "0.00", "missing_lines": 6, "excluded_lines": 0, "percent_statements_covered": 0.0, "percent_statements_covered_display": "0.00"}, "missing_lines": [179, 180, 181, 186, 187, 188], "excluded_lines": [], "start_line": 168}, "get_shipment_ready_products": {"executed_lines": [], "summary": {"covered_lines": 0, "num_statements": 3, "percent_covered": 0.0, "percent_covered_display": "0.00", "missing_lines": 3, "excluded_lines": 0, "percent_statements_covered": 0.0, "percent_statements_covered_display": "0.00"}, "missing_lines": [200, 201, 202], "excluded_lines": [], "start_line": 192}, "": {"executed_lines": [8, 9, 10, 12, 13, 14, 15, 16, 18, 22, 23, 24, 27, 28, 29, 30, 31, 34, 35, 36, 39, 40, 41, 42, 43, 44, 45, 46, 49, 50, 51, 52, 53, 54, 55, 58, 59, 60, 61, 62, 63, 67, 68, 86, 87, 111, 112, 141, 142, 167, 168, 191, 192, 205, 206], "summary": {"covered_lines": 55, "num_statements": 55, "percent_covered": 100.0, "percent_covered_display": "100.00", "missing_lines": 0, "excluded_lines": 0, "percent_statements_covered": 100.0, "percent_statements_covered_display": "100.00"}, "missing_lines": [], "excluded_lines": [], "start_line": 1}}, "classes": {"ReceiveFromPackingRequest": {"executed_lines": [], "summary": {"covered_lines": 0, "num_statements": 0, "percent_covered": 100.0, "percent_covered_display": "100.00", "missing_lines": 0, "excluded_lines": 0, "percent_statements_covered": 100.0, "percent_statements_covered_display": "100.00"}, "missing_lines": [], "excluded_lines": [], "start_line": 22}, "PrepareShipmentRequest": {"executed_lines": [], "summary": {"covered_lines": 0, "num_statements": 0, "percent_covered": 100.0, "percent_covered_display": "100.00", "missing_lines": 0, "excluded_lines": 0, "percent_statements_covered": 100.0, "percent_statements_covered_display": "100.00"}, "missing_lines": [], "excluded_lines": [], "start_line": 27}, "ShipFinishgoodsRequest": {"executed_lines": [], "summary": {"covered_lines": 0, "num_statements": 0, "percent_covered": 100.0, "percent_covered_display": "100.00", "missing_lines": 0, "excluded_lines": 0, "percent_statements_covered": 100.0, "percent_statements_covered_display": "100.00"}, "missing_lines": [], "excluded_lines": [], "start_line": 34}, "InventoryItemResponse": {"executed_lines": [], "summary": {"covered_lines": 0, "num_statements": 0, "percent_covered": 100.0, "percent_covered_display": "100.00", "missing_lines": 0, "excluded_lines": 0, "percent_statements_covered": 100.0, "percent_statements_covered_display": "100.00"}, "missing_lines": [], "excluded_lines": [], "start_line": 39}, "ShipmentReadyResponse": {"executed_lines": [], "summary": {"covered_lines": 0, "num_statements": 0, "percent_covered": 100.0, "percent_covered_display": "100.00", "missing_lines": 0, "excluded_lines": 0, "percent_statements_covered": 100.0, "percent_statements_covered_display": "100.00"}, "missing_lines": [], "excluded_lines": [], "start_line": 49}, "StockAgingResponse": {"executed_lines": [], "summary": {"covered_lines": 0, "num_statements": 0, "percent_covered": 100.0, "percent_covered_display": "100.00", "missing_lines": 0, "excluded_lines": 0, "percent_statements_covered": 100.0, "percent_statements_covered_display": "100.00"}, "missing_lines": [], "excluded_lines": [], "start_line": 58}, "": {"executed_lines": [8, 9, 10, 12, 13, 14, 15, 16, 18, 22, 23, 24, 27, 28, 29, 30, 31, 34, 35, 36, 39, 40, 41, 42, 43, 44, 45, 46, 49, 50, 51, 52, 53, 54, 55, 58, 59, 60, 61, 62, 63, 67, 68, 86, 87, 111, 112, 141, 142, 167, 168, 191, 192, 205, 206], "summary": {"covered_lines": 55, "num_statements": 83, "percent_covered": 66.26506024096386, "percent_covered_display": "66.27", "missing_lines": 28, "excluded_lines": 0, "percent_statements_covered": 66.26506024096386, "percent_statements_covered_display": "66.27"}, "missing_lines": [79, 80, 84, 94, 124, 125, 126, 131, 137, 138, 153, 154, 155, 162, 163, 164, 179, 180, 181, 186, 187, 188, 200, 201, 202, 218, 219, 220], "excluded_lines": [], "start_line": 1}}}, "app\\api\\v1\\finishgoods_mobile.py": {"executed_lines": [], "summary": {"covered_lines": 0, "num_statements": 178, "percent_covered": 0.0, "percent_covered_display": "0.00", "missing_lines": 178, "excluded_lines": 0, "percent_statements_covered": 0.0, "percent_statements_covered_display": "0.00"}, "missing_lines": [8, 9, 10, 11, 12, 14, 15, 16, 17, 18, 20, 24, 25, 26, 27, 28, 29, 30, 31, 32, 33, 34, 35, 36, 37, 39, 40, 43, 44, 45, 46, 47, 48, 51, 52, 53, 54, 55, 56, 57, 58, 59, 60, 63, 64, 65, 66, 67, 68, 69, 70, 71, 72, 74, 75, 78, 79, 80, 81, 82, 83, 84, 85, 88, 89, 90, 91, 92, 95, 96, 97, 98, 99, 100, 101, 102, 105, 106, 107, 108, 109, 112, 113, 114, 115, 116, 117, 122, 123, 132, 133, 135, 136, 137, 138, 144, 145, 164, 165, 169, 170, 171, 173, 174, 175, 178, 180, 181, 183, 185, 186, 190, 191, 197, 198, 213, 214, 217, 226, 237, 238, 244, 245, 262, 263, 266, 267, 268, 271, 286, 296, 297, 301, 302, 308, 309, 325, 326, 329, 336, 344, 345, 349, 350, 356, 357, 369, 370, 371, 372, 373, 374, 380, 381, 393, 394, 395, 396, 397, 398, 404, 405, 417, 418, 419, 420, 421, 422, 426, 427, 435, 436, 448, 449, 450, 451, 452, 453], "excluded_lines": [], "functions": {"get_pending_transfers": {"executed_lines": [], "summary": {"covered_lines": 0, "num_statements": 6, "percent_covered": 0.0, "percent_covered_display": "0.00", "missing_lines": 6, "excluded_lines": 0, "percent_statements_covered": 0.0, "percent_statements_covered_display": "0.00"}, "missing_lines": [132, 133, 135, 136, 137, 138], "excluded_lines": [], "start_line": 123}, "validate_barcode": {"executed_lines": [], "summary": {"covered_lines": 0, "num_statements": 16, "percent_covered": 0.0, "percent_covered_display": "0.00", "missing_lines": 16, "excluded_lines": 0, "percent_statements_covered": 0.0, "percent_statements_covered_display": "0.00"}, "missing_lines": [164, 165, 169, 170, 171, 173, 174, 175, 178, 180, 181, 183, 185, 186, 190, 191], "excluded_lines": [], "start_line": 145}, "scan_box": {"executed_lines": [], "summary": {"covered_lines": 0, "num_statements": 6, "percent_covered": 0.0, "percent_covered_display": "0.00", "missing_lines": 6, "excluded_lines": 0, "percent_statements_covered": 0.0, "percent_statements_covered_display": "0.00"}, "missing_lines": [213, 214, 217, 226, 237, 238], "excluded_lines": [], "start_line": 198}, "confirm_receipt_from_packing": {"executed_lines": [], "summary": {"covered_lines": 0, "num_statements": 11, "percent_covered": 0.0, "percent_covered_display": "0.00", "missing_lines": 11, "excluded_lines": 0, "percent_statements_covered": 0.0, "percent_statements_covered_display": "0.00"}, "missing_lines": [262, 263, 266, 267, 268, 271, 286, 296, 297, 301, 302], "excluded_lines": [], "start_line": 245}, "prepare_shipment": {"executed_lines": [], "summary": {"covered_lines": 0, "num_statements": 8, "percent_covered": 0.0, "percent_covered_display": "0.00", "missing_lines": 8, "excluded_lines": 0, "percent_statements_covered": 0.0, "percent_statements_covered_display": "0.00"}, "missing_lines": [325, 326, 329, 336, 344, 345, 349, 350], "excluded_lines": [], "start_line": 309}, "get_finishgood_inventory": {"executed_lines": [], "summary": {"covered_lines": 0, "num_statements": 6, "percent_covered": 0.0, "percent_covered_display": "0.00", "missing_lines": 6, "excluded_lines": 0, "percent_statements_covered": 0.0, "percent_statements_covered_display": "0.00"}, "missing_lines": [369, 370, 371, 372, 373, 374], "excluded_lines": [], "start_line": 357}, "get_scan_history": {"executed_lines": [], "summary": {"covered_lines": 0, "num_statements": 6, "percent_covered": 0.0, "percent_covered_display": "0.00", "missing_lines": 6, "excluded_lines": 0, "percent_statements_covered": 0.0, "percent_statements_covered_display": "0.00"}, "missing_lines": [393, 394, 395, 396, 397, 398], "excluded_lines": [], "start_line": 381}, "get_transfer_status": {"executed_lines": [], "summary": {"covered_lines": 0, "num_statements": 8, "percent_covered": 0.0, "percent_covered_display": "0.00", "missing_lines": 8, "excluded_lines": 0, "percent_statements_covered": 0.0, "percent_statements_covered_display": "0.00"}, "missing_lines": [417, 418, 419, 420, 421, 422, 426, 427], "excluded_lines": [], "start_line": 405}, "get_statistics": {"executed_lines": [], "summary": {"covered_lines": 0, "num_statements": 6, "percent_covered": 0.0, "percent_covered_display": "0.00", "missing_lines": 6, "excluded_lines": 0, "percent_statements_covered": 0.0, "percent_statements_covered_display": "0.00"}, "missing_lines": [448, 449, 450, 451, 452, 453], "excluded_lines": [], "start_line": 436}, "": {"executed_lines": [], "summary": {"covered_lines": 0, "num_statements": 105, "percent_covered": 0.0, "percent_covered_display": "0.00", "missing_lines": 105, "excluded_lines": 0, "percent_statements_covered": 0.0, "percent_statements_covered_display": "0.00"}, "missing_lines": [8, 9, 10, 11, 12, 14, 15, 16, 17, 18, 20, 24, 25, 26, 27, 28, 29, 30, 31, 32, 33, 34, 35, 36, 37, 39, 40, 43, 44, 45, 46, 47, 48, 51, 52, 53, 54, 55, 56, 57, 58, 59, 60, 63, 64, 65, 66, 67, 68, 69, 70, 71, 72, 74, 75, 78, 79, 80, 81, 82, 83, 84, 85, 88, 89, 90, 91, 92, 95, 96, 97, 98, 99, 100, 101, 102, 105, 106, 107, 108, 109, 112, 113, 114, 115, 116, 117, 122, 123, 144, 145, 197, 198, 244, 245, 308, 309, 356, 357, 380, 381, 404, 405, 435, 436], "excluded_lines": [], "start_line": 1}}, "classes": {"BarcodeValidationResponse": {"executed_lines": [], "summary": {"covered_lines": 0, "num_statements": 0, "percent_covered": 100.0, "percent_covered_display": "100.00", "missing_lines": 0, "excluded_lines": 0, "percent_statements_covered": 100.0, "percent_statements_covered_display": "100.00"}, "missing_lines": [], "excluded_lines": [], "start_line": 24}, "BarcodeValidationResponse.Config": {"executed_lines": [], "summary": {"covered_lines": 0, "num_statements": 0, "percent_covered": 100.0, "percent_covered_display": "100.00", "missing_lines": 0, "excluded_lines": 0, "percent_statements_covered": 100.0, "percent_statements_covered_display": "100.00"}, "missing_lines": [], "excluded_lines": [], "start_line": 39}, "ScanBoxRequest": {"executed_lines": [], "summary": {"covered_lines": 0, "num_statements": 0, "percent_covered": 100.0, "percent_covered_display": "100.00", "missing_lines": 0, "excluded_lines": 0, "percent_statements_covered": 100.0, "percent_statements_covered_display": "100.00"}, "missing_lines": [], "excluded_lines": [], "start_line": 43}, "ScanBoxResponse": {"executed_lines": [], "summary": {"covered_lines": 0, "num_statements": 0, "percent_covered": 100.0, "percent_covered_display": "100.00", "missing_lines": 0, "excluded_lines": 0, "percent_statements_covered": 100.0, "percent_statements_covered_display": "100.00"}, "missing_lines": [], "excluded_lines": [], "start_line": 51}, "PendingTransferResponse": {"executed_lines": [], "summary": {"covered_lines": 0, "num_statements": 0, "percent_covered": 100.0, "percent_covered_display": "100.00", "missing_lines": 0, "excluded_lines": 0, "percent_statements_covered": 100.0, "percent_statements_covered_display": "100.00"}, "missing_lines": [], "excluded_lines": [], "start_line": 63}, "PendingTransferResponse.Config": {"executed_lines": [], "summary": {"covered_lines": 0, "num_statements": 0, "percent_covered": 100.0, "percent_covered_display": "100.00", "missing_lines": 0, "excluded_lines": 0, "percent_statements_covered": 100.0, "percent_statements_covered_display": "100.00"}, "missing_lines": [], "excluded_lines": [], "start_line": 74}, "ShipmentBoxData": {"executed_lines": [], "summary": {"covered_lines": 0, "num_statements": 0, "percent_covered": 100.0, "percent_covered_display": "100.00", "missing_lines": 0, "excluded_lines": 0, "percent_statements_covered": 100.0, "percent_statements_covered_display": "100.00"}, "missing_lines": [], "excluded_lines": [], "start_line": 78}, "ConfirmReceiptRequest": {"executed_lines": [], "summary": {"covered_lines": 0, "num_statements": 0, "percent_covered": 100.0, "percent_covered_display": "100.00", "missing_lines": 0, "excluded_lines": 0, "percent_statements_covered": 100.0, "percent_statements_covered_display": "100.00"}, "missing_lines": [], "excluded_lines": [], "start_line": 88}, "ConfirmReceiptResponse": {"executed_lines": [], "summary": {"covered_lines": 0, "num_statements": 0, "percent_covered": 100.0, "percent_covered_display": "100.00", "missing_lines": 0, "excluded_lines": 0, "percent_statements_covered": 100.0, "percent_statements_covered_display": "100.00"}, "missing_lines": [], "excluded_lines": [], "start_line": 95}, "PrepareShipmentRequest": {"executed_lines": [], "summary": {"covered_lines": 0, "num_statements": 0, "percent_covered": 100.0, "percent_covered_display": "100.00", "missing_lines": 0, "excluded_lines": 0, "percent_statements_covered": 100.0, "percent_statements_covered_display": "100.00"}, "missing_lines": [], "excluded_lines": [], "start_line": 105}, "PrepareShipmentResponse": {"executed_lines": [], "summary": {"covered_lines": 0, "num_statements": 0, "percent_covered": 100.0, "percent_covered_display": "100.00", "missing_lines": 0, "excluded_lines": 0, "percent_statements_covered": 100.0, "percent_statements_covered_display": "100.00"}, "missing_lines": [], "excluded_lines": [], "start_line": 112}, "": {"executed_lines": [], "summary": {"covered_lines": 0, "num_statements": 178, "percent_covered": 0.0, "percent_covered_display": "0.00", "missing_lines": 178, "excluded_lines": 0, "percent_statements_covered": 0.0, "percent_statements_covered_display": "0.00"}, "missing_lines": [8, 9, 10, 11, 12, 14, 15, 16, 17, 18, 20, 24, 25, 26, 27, 28, 29, 30, 31, 32, 33, 34, 35, 36, 37, 39, 40, 43, 44, 45, 46, 47, 48, 51, 52, 53, 54, 55, 56, 57, 58, 59, 60, 63, 64, 65, 66, 67, 68, 69, 70, 71, 72, 74, 75, 78, 79, 80, 81, 82, 83, 84, 85, 88, 89, 90, 91, 92, 95, 96, 97, 98, 99, 100, 101, 102, 105, 106, 107, 108, 109, 112, 113, 114, 115, 116, 117, 122, 123, 132, 133, 135, 136, 137, 138, 144, 145, 164, 165, 169, 170, 171, 173, 174, 175, 178, 180, 181, 183, 185, 186, 190, 191, 197, 198, 213, 214, 217, 226, 237, 238, 244, 245, 262, 263, 266, 267, 268, 271, 286, 296, 297, 301, 302, 308, 309, 325, 326, 329, 336, 344, 345, 349, 350, 356, 357, 369, 370, 371, 372, 373, 374, 380, 381, 393, 394, 395, 396, 397, 398, 404, 405, 417, 418, 419, 420, 421, 422, 426, 427, 435, 436, 448, 449, 450, 451, 452, 453], "excluded_lines": [], "start_line": 1}}}, "app\\api\\v1\\finishing_barcode.py": {"executed_lines": [], "summary": {"covered_lines": 0, "num_statements": 133, "percent_covered": 0.0, "percent_covered_display": "0.00", "missing_lines": 133, "excluded_lines": 0, "percent_statements_covered": 0.0, "percent_statements_covered_display": "0.00"}, "missing_lines": [6, 7, 8, 9, 10, 12, 13, 14, 15, 17, 21, 22, 23, 24, 25, 26, 27, 28, 31, 32, 33, 36, 37, 38, 39, 40, 41, 42, 43, 44, 45, 46, 48, 49, 52, 53, 54, 55, 56, 57, 58, 61, 62, 63, 64, 65, 66, 67, 70, 71, 72, 73, 74, 75, 76, 77, 80, 81, 82, 83, 84, 85, 86, 87, 90, 91, 92, 93, 94, 95, 96, 97, 100, 101, 102, 103, 104, 105, 106, 107, 112, 113, 127, 132, 145, 147, 148, 154, 155, 169, 173, 186, 188, 189, 195, 196, 218, 220, 221, 230, 231, 241, 250, 252, 253, 259, 260, 274, 279, 289, 291, 292, 298, 299, 313, 318, 328, 330, 331, 337, 338, 352, 356, 366, 368, 369, 375, 376, 386, 387, 405, 407, 408], "excluded_lines": [], "functions": {"scan_product": {"executed_lines": [], "summary": {"covered_lines": 0, "num_statements": 5, "percent_covered": 0.0, "percent_covered_display": "0.00", "missing_lines": 5, "excluded_lines": 0, "percent_statements_covered": 0.0, "percent_statements_covered_display": "0.00"}, "missing_lines": [127, 132, 145, 147, 148], "excluded_lines": [], "start_line": 113}, "get_product_details": {"executed_lines": [], "summary": {"covered_lines": 0, "num_statements": 5, "percent_covered": 0.0, "percent_covered_display": "0.00", "missing_lines": 5, "excluded_lines": 0, "percent_statements_covered": 0.0, "percent_statements_covered_display": "0.00"}, "missing_lines": [169, 173, 186, 188, 189], "excluded_lines": [], "start_line": 155}, "mark_finishing_complete": {"executed_lines": [], "summary": {"covered_lines": 0, "num_statements": 9, "percent_covered": 0.0, "percent_covered_display": "0.00", "missing_lines": 9, "excluded_lines": 0, "percent_statements_covered": 0.0, "percent_statements_covered_display": "0.00"}, "missing_lines": [218, 220, 221, 230, 231, 241, 250, 252, 253], "excluded_lines": [], "start_line": 196}, "reject_product": {"executed_lines": [], "summary": {"covered_lines": 0, "num_statements": 5, "percent_covered": 0.0, "percent_covered_display": "0.00", "missing_lines": 5, "excluded_lines": 0, "percent_statements_covered": 0.0, "percent_statements_covered_display": "0.00"}, "missing_lines": [274, 279, 289, 291, 292], "excluded_lines": [], "start_line": 260}, "get_batch_status": {"executed_lines": [], "summary": {"covered_lines": 0, "num_statements": 5, "percent_covered": 0.0, "percent_covered_display": "0.00", "missing_lines": 5, "excluded_lines": 0, "percent_statements_covered": 0.0, "percent_statements_covered_display": "0.00"}, "missing_lines": [313, 318, 328, 330, 331], "excluded_lines": [], "start_line": 299}, "get_operator_stats": {"executed_lines": [], "summary": {"covered_lines": 0, "num_statements": 5, "percent_covered": 0.0, "percent_covered_display": "0.00", "missing_lines": 5, "excluded_lines": 0, "percent_statements_covered": 0.0, "percent_statements_covered_display": "0.00"}, "missing_lines": [352, 356, 366, 368, 369], "excluded_lines": [], "start_line": 338}, "get_quality_gate_summary": {"executed_lines": [], "summary": {"covered_lines": 0, "num_statements": 5, "percent_covered": 0.0, "percent_covered_display": "0.00", "missing_lines": 5, "excluded_lines": 0, "percent_statements_covered": 0.0, "percent_statements_covered_display": "0.00"}, "missing_lines": [386, 387, 405, 407, 408], "excluded_lines": [], "start_line": 376}, "": {"executed_lines": [], "summary": {"covered_lines": 0, "num_statements": 94, "percent_covered": 0.0, "percent_covered_display": "0.00", "missing_lines": 94, "excluded_lines": 0, "percent_statements_covered": 0.0, "percent_statements_covered_display": "0.00"}, "missing_lines": [6, 7, 8, 9, 10, 12, 13, 14, 15, 17, 21, 22, 23, 24, 25, 26, 27, 28, 31, 32, 33, 36, 37, 38, 39, 40, 41, 42, 43, 44, 45, 46, 48, 49, 52, 53, 54, 55, 56, 57, 58, 61, 62, 63, 64, 65, 66, 67, 70, 71, 72, 73, 74, 75, 76, 77, 80, 81, 82, 83, 84, 85, 86, 87, 90, 91, 92, 93, 94, 95, 96, 97, 100, 101, 102, 103, 104, 105, 106, 107, 112, 113, 154, 155, 195, 196, 259, 260, 298, 299, 337, 338, 375, 376], "excluded_lines": [], "start_line": 1}}, "classes": {"FinishingCheckpoint": {"executed_lines": [], "summary": {"covered_lines": 0, "num_statements": 0, "percent_covered": 100.0, "percent_covered_display": "100.00", "missing_lines": 0, "excluded_lines": 0, "percent_statements_covered": 100.0, "percent_statements_covered_display": "100.00"}, "missing_lines": [], "excluded_lines": [], "start_line": 21}, "ScanProductRequest": {"executed_lines": [], "summary": {"covered_lines": 0, "num_statements": 0, "percent_covered": 100.0, "percent_covered_display": "100.00", "missing_lines": 0, "excluded_lines": 0, "percent_statements_covered": 100.0, "percent_statements_covered_display": "100.00"}, "missing_lines": [], "excluded_lines": [], "start_line": 31}, "ProductDetailsResponse": {"executed_lines": [], "summary": {"covered_lines": 0, "num_statements": 0, "percent_covered": 100.0, "percent_covered_display": "100.00", "missing_lines": 0, "excluded_lines": 0, "percent_statements_covered": 100.0, "percent_statements_covered_display": "100.00"}, "missing_lines": [], "excluded_lines": [], "start_line": 36}, "ProductDetailsResponse.Config": {"executed_lines": [], "summary": {"covered_lines": 0, "num_statements": 0, "percent_covered": 100.0, "percent_covered_display": "100.00", "missing_lines": 0, "excluded_lines": 0, "percent_statements_covered": 100.0, "percent_statements_covered_display": "100.00"}, "missing_lines": [], "excluded_lines": [], "start_line": 48}, "FinishingCompleteRequest": {"executed_lines": [], "summary": {"covered_lines": 0, "num_statements": 0, "percent_covered": 100.0, "percent_covered_display": "100.00", "missing_lines": 0, "excluded_lines": 0, "percent_statements_covered": 100.0, "percent_statements_covered_display": "100.00"}, "missing_lines": [], "excluded_lines": [], "start_line": 52}, "FinishingCompleteResponse": {"executed_lines": [], "summary": {"covered_lines": 0, "num_statements": 0, "percent_covered": 100.0, "percent_covered_display": "100.00", "missing_lines": 0, "excluded_lines": 0, "percent_statements_covered": 100.0, "percent_statements_covered_display": "100.00"}, "missing_lines": [], "excluded_lines": [], "start_line": 61}, "DefectReportRequest": {"executed_lines": [], "summary": {"covered_lines": 0, "num_statements": 0, "percent_covered": 100.0, "percent_covered_display": "100.00", "missing_lines": 0, "excluded_lines": 0, "percent_statements_covered": 100.0, "percent_statements_covered_display": "100.00"}, "missing_lines": [], "excluded_lines": [], "start_line": 70}, "DefectReportResponse": {"executed_lines": [], "summary": {"covered_lines": 0, "num_statements": 0, "percent_covered": 100.0, "percent_covered_display": "100.00", "missing_lines": 0, "excluded_lines": 0, "percent_statements_covered": 100.0, "percent_statements_covered_display": "100.00"}, "missing_lines": [], "excluded_lines": [], "start_line": 80}, "BatchStatusResponse": {"executed_lines": [], "summary": {"covered_lines": 0, "num_statements": 0, "percent_covered": 100.0, "percent_covered_display": "100.00", "missing_lines": 0, "excluded_lines": 0, "percent_statements_covered": 100.0, "percent_statements_covered_display": "100.00"}, "missing_lines": [], "excluded_lines": [], "start_line": 90}, "OperatorStatsResponse": {"executed_lines": [], "summary": {"covered_lines": 0, "num_statements": 0, "percent_covered": 100.0, "percent_covered_display": "100.00", "missing_lines": 0, "excluded_lines": 0, "percent_statements_covered": 100.0, "percent_statements_covered_display": "100.00"}, "missing_lines": [], "excluded_lines": [], "start_line": 100}, "": {"executed_lines": [], "summary": {"covered_lines": 0, "num_statements": 133, "percent_covered": 0.0, "percent_covered_display": "0.00", "missing_lines": 133, "excluded_lines": 0, "percent_statements_covered": 0.0, "percent_statements_covered_display": "0.00"}, "missing_lines": [6, 7, 8, 9, 10, 12, 13, 14, 15, 17, 21, 22, 23, 24, 25, 26, 27, 28, 31, 32, 33, 36, 37, 38, 39, 40, 41, 42, 43, 44, 45, 46, 48, 49, 52, 53, 54, 55, 56, 57, 58, 61, 62, 63, 64, 65, 66, 67, 70, 71, 72, 73, 74, 75, 76, 77, 80, 81, 82, 83, 84, 85, 86, 87, 90, 91, 92, 93, 94, 95, 96, 97, 100, 101, 102, 103, 104, 105, 106, 107, 112, 113, 127, 132, 145, 147, 148, 154, 155, 169, 173, 186, 188, 189, 195, 196, 218, 220, 221, 230, 231, 241, 250, 252, 253, 259, 260, 274, 279, 289, 291, 292, 298, 299, 313, 318, 328, 330, 331, 337, 338, 352, 356, 366, 368, 369, 375, 376, 386, 387, 405, 407, 408], "excluded_lines": [], "start_line": 1}}}, "app\\api\\v1\\import_export.py": {"executed_lines": [4, 5, 6, 8, 9, 10, 11, 13, 14, 15, 16, 17, 18, 19, 21, 25, 26, 48, 107, 171, 172, 194, 265, 341, 342, 360, 388, 422, 423, 451, 479, 513, 514, 543, 570, 603, 604, 622, 650, 686, 687], "summary": {"covered_lines": 41, "num_statements": 255, "percent_covered": 16.07843137254902, "percent_covered_display": "16.08", "missing_lines": 214, "excluded_lines": 0, "percent_statements_covered": 16.07843137254902, "percent_statements_covered_display": "16.08"}, "missing_lines": [40, 41, 42, 43, 45, 50, 51, 52, 54, 55, 56, 58, 59, 61, 62, 63, 64, 67, 68, 69, 70, 73, 81, 82, 85, 94, 95, 97, 99, 109, 110, 111, 113, 114, 115, 118, 120, 121, 122, 125, 126, 127, 128, 131, 132, 133, 134, 137, 145, 146, 149, 158, 159, 161, 163, 186, 187, 188, 189, 191, 196, 197, 198, 200, 201, 202, 204, 205, 207, 208, 209, 210, 213, 214, 215, 216, 219, 220, 222, 229, 230, 233, 239, 240, 243, 252, 253, 255, 257, 267, 268, 269, 271, 272, 273, 275, 277, 278, 279, 282, 283, 284, 285, 288, 289, 290, 291, 294, 295, 296, 303, 304, 307, 313, 314, 317, 326, 327, 329, 331, 352, 354, 355, 357, 362, 363, 366, 369, 370, 380, 381, 390, 391, 392, 395, 396, 399, 400, 411, 412, 413, 415, 434, 445, 446, 448, 453, 454, 457, 460, 461, 462, 471, 472, 481, 482, 483, 486, 487, 490, 491, 492, 502, 503, 504, 506, 526, 532, 533, 535, 537, 538, 540, 545, 546, 549, 552, 553, 562, 563, 572, 573, 574, 577, 578, 581, 582, 592, 593, 594, 596, 614, 616, 617, 619, 624, 625, 628, 631, 632, 642, 643, 652, 653, 654, 657, 658, 661, 662, 673, 674, 675, 677, 692], "excluded_lines": [], "functions": {"import_products": {"executed_lines": [], "summary": {"covered_lines": 0, "num_statements": 5, "percent_covered": 0.0, "percent_covered_display": "0.00", "missing_lines": 5, "excluded_lines": 0, "percent_statements_covered": 0.0, "percent_statements_covered_display": "0.00"}, "missing_lines": [40, 41, 42, 43, 45], "excluded_lines": [], "start_line": 26}, "_import_products_csv": {"executed_lines": [], "summary": {"covered_lines": 0, "num_statements": 24, "percent_covered": 0.0, "percent_covered_display": "0.00", "missing_lines": 24, "excluded_lines": 0, "percent_statements_covered": 0.0, "percent_statements_covered_display": "0.00"}, "missing_lines": [50, 51, 52, 54, 55, 56, 58, 59, 61, 62, 63, 64, 67, 68, 69, 70, 73, 81, 82, 85, 94, 95, 97, 99], "excluded_lines": [], "start_line": 48}, "_import_products_excel": {"executed_lines": [], "summary": {"covered_lines": 0, "num_statements": 26, "percent_covered": 0.0, "percent_covered_display": "0.00", "missing_lines": 26, "excluded_lines": 0, "percent_statements_covered": 0.0, "percent_statements_covered_display": "0.00"}, "missing_lines": [109, 110, 111, 113, 114, 115, 118, 120, 121, 122, 125, 126, 127, 128, 131, 132, 133, 134, 137, 145, 146, 149, 158, 159, 161, 163], "excluded_lines": [], "start_line": 107}, "import_bom": {"executed_lines": [], "summary": {"covered_lines": 0, "num_statements": 5, "percent_covered": 0.0, "percent_covered_display": "0.00", "missing_lines": 5, "excluded_lines": 0, "percent_statements_covered": 0.0, "percent_statements_covered_display": "0.00"}, "missing_lines": [186, 187, 188, 189, 191], "excluded_lines": [], "start_line": 172}, "_import_bom_csv": {"executed_lines": [], "summary": {"covered_lines": 0, "num_statements": 29, "percent_covered": 0.0, "percent_covered_display": "0.00", "missing_lines": 29, "excluded_lines": 0, "percent_statements_covered": 0.0, "percent_statements_covered_display": "0.00"}, "missing_lines": [196, 197, 198, 200, 201, 202, 204, 205, 207, 208, 209, 210, 213, 214, 215, 216, 219, 220, 222, 229, 230, 233, 239, 240, 243, 252, 253, 255, 257], "excluded_lines": [], "start_line": 194}, "_import_bom_excel": {"executed_lines": [], "summary": {"covered_lines": 0, "num_statements": 31, "percent_covered": 0.0, "percent_covered_display": "0.00", "missing_lines": 31, "excluded_lines": 0, "percent_statements_covered": 0.0, "percent_statements_covered_display": "0.00"}, "missing_lines": [267, 268, 269, 271, 272, 273, 275, 277, 278, 279, 282, 283, 284, 285, 288, 289, 290, 291, 294, 295, 296, 303, 304, 307, 313, 314, 317, 326, 327, 329, 331], "excluded_lines": [], "start_line": 265}, "export_products": {"executed_lines": [], "summary": {"covered_lines": 0, "num_statements": 4, "percent_covered": 0.0, "percent_covered_display": "0.00", "missing_lines": 4, "excluded_lines": 0, "percent_statements_covered": 0.0, "percent_statements_covered_display": "0.00"}, "missing_lines": [352, 354, 355, 357], "excluded_lines": [], "start_line": 342}, "_export_products_csv": {"executed_lines": [], "summary": {"covered_lines": 0, "num_statements": 7, "percent_covered": 0.0, "percent_covered_display": "0.00", "missing_lines": 7, "excluded_lines": 0, "percent_statements_covered": 0.0, "percent_statements_covered_display": "0.00"}, "missing_lines": [362, 363, 366, 369, 370, 380, 381], "excluded_lines": [], "start_line": 360}, "_export_products_excel": {"executed_lines": [], "summary": {"covered_lines": 0, "num_statements": 11, "percent_covered": 0.0, "percent_covered_display": "0.00", "missing_lines": 11, "excluded_lines": 0, "percent_statements_covered": 0.0, "percent_statements_covered_display": "0.00"}, "missing_lines": [390, 391, 392, 395, 396, 399, 400, 411, 412, 413, 415], "excluded_lines": [], "start_line": 388}, "export_bom": {"executed_lines": [], "summary": {"covered_lines": 0, "num_statements": 4, "percent_covered": 0.0, "percent_covered_display": "0.00", "missing_lines": 4, "excluded_lines": 0, "percent_statements_covered": 0.0, "percent_statements_covered_display": "0.00"}, "missing_lines": [434, 445, 446, 448], "excluded_lines": [], "start_line": 423}, "_export_bom_csv": {"executed_lines": [], "summary": {"covered_lines": 0, "num_statements": 8, "percent_covered": 0.0, "percent_covered_display": "0.00", "missing_lines": 8, "excluded_lines": 0, "percent_statements_covered": 0.0, "percent_statements_covered_display": "0.00"}, "missing_lines": [453, 454, 457, 460, 461, 462, 471, 472], "excluded_lines": [], "start_line": 451}, "_export_bom_excel": {"executed_lines": [], "summary": {"covered_lines": 0, "num_statements": 12, "percent_covered": 0.0, "percent_covered_display": "0.00", "missing_lines": 12, "excluded_lines": 0, "percent_statements_covered": 0.0, "percent_statements_covered_display": "0.00"}, "missing_lines": [481, 482, 483, 486, 487, 490, 491, 492, 502, 503, 504, 506], "excluded_lines": [], "start_line": 479}, "export_inventory": {"executed_lines": [], "summary": {"covered_lines": 0, "num_statements": 7, "percent_covered": 0.0, "percent_covered_display": "0.00", "missing_lines": 7, "excluded_lines": 0, "percent_statements_covered": 0.0, "percent_statements_covered_display": "0.00"}, "missing_lines": [526, 532, 533, 535, 537, 538, 540], "excluded_lines": [], "start_line": 514}, "_export_inventory_csv": {"executed_lines": [], "summary": {"covered_lines": 0, "num_statements": 7, "percent_covered": 0.0, "percent_covered_display": "0.00", "missing_lines": 7, "excluded_lines": 0, "percent_statements_covered": 0.0, "percent_statements_covered_display": "0.00"}, "missing_lines": [545, 546, 549, 552, 553, 562, 563], "excluded_lines": [], "start_line": 543}, "_export_inventory_excel": {"executed_lines": [], "summary": {"covered_lines": 0, "num_statements": 11, "percent_covered": 0.0, "percent_covered_display": "0.00", "missing_lines": 11, "excluded_lines": 0, "percent_statements_covered": 0.0, "percent_statements_covered_display": "0.00"}, "missing_lines": [572, 573, 574, 577, 578, 581, 582, 592, 593, 594, 596], "excluded_lines": [], "start_line": 570}, "export_users": {"executed_lines": [], "summary": {"covered_lines": 0, "num_statements": 4, "percent_covered": 0.0, "percent_covered_display": "0.00", "missing_lines": 4, "excluded_lines": 0, "percent_statements_covered": 0.0, "percent_statements_covered_display": "0.00"}, "missing_lines": [614, 616, 617, 619], "excluded_lines": [], "start_line": 604}, "_export_users_csv": {"executed_lines": [], "summary": {"covered_lines": 0, "num_statements": 7, "percent_covered": 0.0, "percent_covered_display": "0.00", "missing_lines": 7, "excluded_lines": 0, "percent_statements_covered": 0.0, "percent_statements_covered_display": "0.00"}, "missing_lines": [624, 625, 628, 631, 632, 642, 643], "excluded_lines": [], "start_line": 622}, "_export_users_excel": {"executed_lines": [], "summary": {"covered_lines": 0, "num_statements": 11, "percent_covered": 0.0, "percent_covered_display": "0.00", "missing_lines": 11, "excluded_lines": 0, "percent_statements_covered": 0.0, "percent_stateme
[...]
e": 292}, "PPICReportService._get_alerts_for_date": {"executed_lines": [], "summary": {"covered_lines": 0, "num_statements": 5, "percent_covered": 0.0, "percent_covered_display": "0.00", "missing_lines": 5, "excluded_lines": 0, "percent_statements_covered": 0.0, "percent_statements_covered_display": "0.00"}, "missing_lines": [313, 316, 317, 318, 319], "excluded_lines": [], "start_line": 311}, "PPICReportService.create_alert": {"executed_lines": [], "summary": {"covered_lines": 0, "num_statements": 8, "percent_covered": 0.0, "percent_covered_display": "0.00", "missing_lines": 8, "excluded_lines": 0, "percent_statements_covered": 0.0, "percent_statements_covered_display": "0.00"}, "missing_lines": [346, 348, 352, 357, 371, 373, 374, 375], "excluded_lines": [], "start_line": 321}, "PPICReportService.send_daily_report_email": {"executed_lines": [], "summary": {"covered_lines": 0, "num_statements": 9, "percent_covered": 0.0, "percent_covered_display": "0.00", "missing_lines": 9, "excluded_lines": 0, "percent_statements_covered": 0.0, "percent_statements_covered_display": "0.00"}, "missing_lines": [394, 398, 399, 401, 403, 414, 416, 417, 418], "excluded_lines": [], "start_line": 377}, "PPICReportService._format_report_html": {"executed_lines": [], "summary": {"covered_lines": 0, "num_statements": 1, "percent_covered": 0.0, "percent_covered_display": "0.00", "missing_lines": 1, "excluded_lines": 0, "percent_statements_covered": 0.0, "percent_statements_covered_display": "0.00"}, "missing_lines": [422], "excluded_lines": [], "start_line": 420}, "PPICReportService.send_late_alert_whatsapp": {"executed_lines": [], "summary": {"covered_lines": 0, "num_statements": 7, "percent_covered": 0.0, "percent_covered_display": "0.00", "missing_lines": 7, "excluded_lines": 0, "percent_statements_covered": 0.0, "percent_statements_covered_display": "0.00"}, "missing_lines": [466, 467, 476, 484, 486, 487, 488], "excluded_lines": [], "start_line": 449}, "": {"executed_lines": [12, 13, 14, 15, 16, 17, 19, 20, 22, 25, 27, 28, 29, 32, 34, 35, 36, 37, 38, 39, 42, 43, 45, 46, 47, 48, 49, 50, 51, 52, 53, 54, 57, 85, 89, 162, 212, 225, 238, 292, 311, 321, 377, 420, 449], "summary": {"covered_lines": 45, "num_statements": 45, "percent_covered": 100.0, "percent_covered_display": "100.00", "missing_lines": 0, "excluded_lines": 0, "percent_statements_covered": 100.0, "percent_statements_covered_display": "100.00"}, "missing_lines": [], "excluded_lines": [], "start_line": 1}}, "classes": {"AlertSeverity": {"executed_lines": [], "summary": {"covered_lines": 0, "num_statements": 0, "percent_covered": 100.0, "percent_covered_display": "100.00", "missing_lines": 0, "excluded_lines": 0, "percent_statements_covered": 100.0, "percent_statements_covered_display": "100.00"}, "missing_lines": [], "excluded_lines": [], "start_line": 25}, "AlertType": {"executed_lines": [], "summary": {"covered_lines": 0, "num_statements": 0, "percent_covered": 100.0, "percent_covered_display": "100.00", "missing_lines": 0, "excluded_lines": 0, "percent_statements_covered": 100.0, "percent_statements_covered_display": "100.00"}, "missing_lines": [], "excluded_lines": [], "start_line": 32}, "DailyMetrics": {"executed_lines": [], "summary": {"covered_lines": 0, "num_statements": 0, "percent_covered": 100.0, "percent_covered_display": "100.00", "missing_lines": 0, "excluded_lines": 0, "percent_statements_covered": 100.0, "percent_statements_covered_display": "100.00"}, "missing_lines": [], "excluded_lines": [], "start_line": 43}, "PPICReportService": {"executed_lines": [], "summary": {"covered_lines": 0, "num_statements": 114, "percent_covered": 0.0, "percent_covered_display": "0.00", "missing_lines": 114, "excluded_lines": 0, "percent_statements_covered": 0.0, "percent_statements_covered_display": "0.00"}, "missing_lines": [86, 87, 104, 105, 107, 108, 111, 112, 113, 116, 120, 121, 123, 126, 127, 128, 131, 132, 133, 136, 139, 141, 154, 156, 158, 159, 160, 174, 175, 177, 179, 180, 188, 191, 192, 193, 195, 196, 197, 199, 200, 210, 214, 215, 217, 218, 219, 220, 221, 223, 227, 228, 230, 231, 233, 234, 236, 245, 246, 248, 252, 259, 260, 261, 262, 264, 265, 271, 272, 280, 286, 288, 289, 290, 294, 295, 296, 300, 302, 303, 305, 306, 308, 309, 313, 316, 317, 318, 319, 346, 348, 352, 357, 371, 373, 374, 375, 394, 398, 399, 401, 403, 414, 416, 417, 418, 422, 466, 467, 476, 484, 486, 487, 488], "excluded_lines": [], "start_line": 57}, "": {"executed_lines": [12, 13, 14, 15, 16, 17, 19, 20, 22, 25, 27, 28, 29, 32, 34, 35, 36, 37, 38, 39, 42, 43, 45, 46, 47, 48, 49, 50, 51, 52, 53, 54, 57, 85, 89, 162, 212, 225, 238, 292, 311, 321, 377, 420, 449], "summary": {"covered_lines": 45, "num_statements": 45, "percent_covered": 100.0, "percent_covered_display": "100.00", "missing_lines": 0, "excluded_lines": 0, "percent_statements_covered": 100.0, "percent_statements_covered_display": "100.00"}, "missing_lines": [], "excluded_lines": [], "start_line": 1}}}, "app\\services\\spk_edit_service.py": {"executed_lines": [13, 14, 15, 16, 18, 19, 21, 24, 26, 27, 28, 29, 30, 33, 35, 36, 37, 38, 39, 42, 75, 79, 147, 199, 213, 221, 256, 290, 329, 368, 391], "summary": {"covered_lines": 31, "num_statements": 128, "percent_covered": 24.21875, "percent_covered_display": "24.22", "missing_lines": 97, "excluded_lines": 0, "percent_statements_covered": 24.21875, "percent_statements_covered_display": "24.22"}, "missing_lines": [76, 77, 100, 101, 102, 105, 106, 107, 109, 110, 113, 116, 127, 130, 131, 139, 141, 143, 144, 145, 157, 158, 161, 162, 165, 166, 171, 172, 173, 174, 179, 180, 181, 182, 183, 185, 186, 189, 190, 191, 193, 194, 195, 196, 197, 201, 203, 207, 209, 210, 211, 215, 216, 217, 218, 219, 238, 240, 248, 250, 252, 253, 254, 273, 274, 282, 284, 286, 287, 288, 305, 306, 311, 318, 323, 325, 326, 327, 344, 346, 362, 364, 365, 366, 381, 383, 385, 387, 388, 389, 408, 409, 417, 419, 421, 422, 423], "excluded_lines": [], "functions": {"SPKEditService.__init__": {"executed_lines": [], "summary": {"covered_lines": 0, "num_statements": 2, "percent_covered": 0.0, "percent_covered_display": "0.00", "missing_lines": 2, "excluded_lines": 0, "percent_statements_covered": 0.0, "percent_statements_covered_display": "0.00"}, "missing_lines": [76, 77], "excluded_lines": [], "start_line": 75}, "SPKEditService.submit_edit_request": {"executed_lines": [], "summary": {"covered_lines": 0, "num_statements": 18, "percent_covered": 0.0, "percent_covered_display": "0.00", "missing_lines": 18, "excluded_lines": 0, "percent_statements_covered": 0.0, "percent_statements_covered_display": "0.00"}, "missing_lines": [100, 101, 102, 105, 106, 107, 109, 110, 113, 116, 127, 130, 131, 139, 141, 143, 144, 145], "excluded_lines": [], "start_line": 79}, "SPKEditService._validate_changes": {"executed_lines": [], "summary": {"covered_lines": 0, "num_statements": 25, "percent_covered": 0.0, "percent_covered_display": "0.00", "missing_lines": 25, "excluded_lines": 0, "percent_statements_covered": 0.0, "percent_statements_covered_display": "0.00"}, "missing_lines": [157, 158, 161, 162, 165, 166, 171, 172, 173, 174, 179, 180, 181, 182, 183, 185, 186, 189, 190, 191, 193, 194, 195, 196, 197], "excluded_lines": [], "start_line": 147}, "SPKEditService._check_material_shortage": {"executed_lines": [], "summary": {"covered_lines": 0, "num_statements": 6, "percent_covered": 0.0, "percent_covered_display": "0.00", "missing_lines": 6, "excluded_lines": 0, "percent_statements_covered": 0.0, "percent_statements_covered_display": "0.00"}, "missing_lines": [201, 203, 207, 209, 210, 211], "excluded_lines": [], "start_line": 199}, "SPKEditService._extract_current_values": {"executed_lines": [], "summary": {"covered_lines": 0, "num_statements": 5, "percent_covered": 0.0, "percent_covered_display": "0.00", "missing_lines": 5, "excluded_lines": 0, "percent_statements_covered": 0.0, "percent_statements_covered_display": "0.00"}, "missing_lines": [215, 216, 217, 218, 219], "excluded_lines": [], "start_line": 213}, "SPKEditService.approve_edit_request": {"executed_lines": [], "summary": {"covered_lines": 0, "num_statements": 7, "percent_covered": 0.0, "percent_covered_display": "0.00", "missing_lines": 7, "excluded_lines": 0, "percent_statements_covered": 0.0, "percent_statements_covered_display": "0.00"}, "missing_lines": [238, 240, 248, 250, 252, 253, 254], "excluded_lines": [], "start_line": 221}, "SPKEditService.reject_edit_request": {"executed_lines": [], "summary": {"covered_lines": 0, "num_statements": 7, "percent_covered": 0.0, "percent_covered_display": "0.00", "missing_lines": 7, "excluded_lines": 0, "percent_statements_covered": 0.0, "percent_statements_covered_display": "0.00"}, "missing_lines": [273, 274, 282, 284, 286, 287, 288], "excluded_lines": [], "start_line": 256}, "SPKEditService.apply_approved_changes": {"executed_lines": [], "summary": {"covered_lines": 0, "num_statements": 8, "percent_covered": 0.0, "percent_covered_display": "0.00", "missing_lines": 8, "excluded_lines": 0, "percent_statements_covered": 0.0, "percent_statements_covered_display": "0.00"}, "missing_lines": [305, 306, 311, 318, 323, 325, 326, 327], "excluded_lines": [], "start_line": 290}, "SPKEditService.get_edit_history": {"executed_lines": [], "summary": {"covered_lines": 0, "num_statements": 6, "percent_covered": 0.0, "percent_covered_display": "0.00", "missing_lines": 6, "excluded_lines": 0, "percent_statements_covered": 0.0, "percent_statements_covered_display": "0.00"}, "missing_lines": [344, 346, 362, 364, 365, 366], "excluded_lines": [], "start_line": 329}, "SPKEditService.get_pending_edits": {"executed_lines": [], "summary": {"covered_lines": 0, "num_statements": 6, "percent_covered": 0.0, "percent_covered_display": "0.00", "missing_lines": 6, "excluded_lines": 0, "percent_statements_covered": 0.0, "percent_statements_covered_display": "0.00"}, "missing_lines": [381, 383, 385, 387, 388, 389], "excluded_lines": [], "start_line": 368}, "SPKEditService.cancel_edit_request": {"executed_lines": [], "summary": {"covered_lines": 0, "num_statements": 7, "percent_covered": 0.0, "percent_covered_display": "0.00", "missing_lines": 7, "excluded_lines": 0, "percent_statements_covered": 0.0, "percent_statements_covered_display": "0.00"}, "missing_lines": [408, 409, 417, 419, 421, 422, 423], "excluded_lines": [], "start_line": 391}, "": {"executed_lines": [13, 14, 15, 16, 18, 19, 21, 24, 26, 27, 28, 29, 30, 33, 35, 36, 37, 38, 39, 42, 75, 79, 147, 199, 213, 221, 256, 290, 329, 368, 391], "summary": {"covered_lines": 31, "num_statements": 31, "percent_covered": 100.0, "percent_covered_display": "100.00", "missing_lines": 0, "excluded_lines": 0, "percent_statements_covered": 100.0, "percent_statements_covered_display": "100.00"}, "missing_lines": [], "excluded_lines": [], "start_line": 1}}, "classes": {"SPKEditType": {"executed_lines": [], "summary": {"covered_lines": 0, "num_statements": 0, "percent_covered": 100.0, "percent_covered_display": "100.00", "missing_lines": 0, "excluded_lines": 0, "percent_statements_covered": 100.0, "percent_statements_covered_display": "100.00"}, "missing_lines": [], "excluded_lines": [], "start_line": 24}, "SPKEditStatus": {"executed_lines": [], "summary": {"covered_lines": 0, "num_statements": 0, "percent_covered": 100.0, "percent_covered_display": "100.00", "missing_lines": 0, "excluded_lines": 0, "percent_statements_covered": 100.0, "percent_statements_covered_display": "100.00"}, "missing_lines": [], "excluded_lines": [], "start_line": 33}, "SPKEditService": {"executed_lines": [], "summary": {"covered_lines": 0, "num_statements": 97, "percent_covered": 0.0, "percent_covered_display": "0.00", "missing_lines": 97, "excluded_lines": 0, "percent_statements_covered": 0.0, "percent_statements_covered_display": "0.00"}, "missing_lines": [76, 77, 100, 101, 102, 105, 106, 107, 109, 110, 113, 116, 127, 130, 131, 139, 141, 143, 144, 145, 157, 158, 161, 162, 165, 166, 171, 172, 173, 174, 179, 180, 181, 182, 183, 185, 186, 189, 190, 191, 193, 194, 195, 196, 197, 201, 203, 207, 209, 210, 211, 215, 216, 217, 218, 219, 238, 240, 248, 250, 252, 253, 254, 273, 274, 282, 284, 286, 287, 288, 305, 306, 311, 318, 323, 325, 326, 327, 344, 346, 362, 364, 365, 366, 381, 383, 385, 387, 388, 389, 408, 409, 417, 419, 421, 422, 423], "excluded_lines": [], "start_line": 42}, "": {"executed_lines": [13, 14, 15, 16, 18, 19, 21, 24, 26, 27, 28, 29, 30, 33, 35, 36, 37, 38, 39, 42, 75, 79, 147, 199, 213, 221, 256, 290, 329, 368, 391], "summary": {"covered_lines": 31, "num_statements": 31, "percent_covered": 100.0, "percent_covered_display": "100.00", "missing_lines": 0, "excluded_lines": 0, "percent_statements_covered": 100.0, "percent_statements_covered_display": "100.00"}, "missing_lines": [], "excluded_lines": [], "start_line": 1}}}, "app\\shared\\audit.py": {"executed_lines": [4, 5, 7, 9, 10, 13, 16, 17, 72, 73, 97, 98, 125, 126, 150, 151, 180, 181, 200, 201, 231, 232, 253, 256, 257, 290, 291, 315, 318, 319, 343], "summary": {"covered_lines": 31, "num_statements": 74, "percent_covered": 41.891891891891895, "percent_covered_display": "41.89", "missing_lines": 43, "excluded_lines": 0, "percent_statements_covered": 41.891891891891895, "percent_statements_covered_display": "41.89"}, "missing_lines": [50, 67, 68, 70, 83, 84, 86, 109, 110, 111, 113, 136, 137, 139, 162, 164, 190, 208, 209, 210, 212, 213, 216, 222, 240, 242, 264, 273, 274, 277, 278, 284, 285, 286, 288, 299, 309, 310, 312, 328, 336, 337, 339], "excluded_lines": [], "functions": {"AuditLogger.log_action": {"executed_lines": [], "summary": {"covered_lines": 0, "num_statements": 4, "percent_covered": 0.0, "percent_covered_display": "0.00", "missing_lines": 4, "excluded_lines": 0, "percent_statements_covered": 0.0, "percent_statements_covered_display": "0.00"}, "missing_lines": [50, 67, 68, 70], "excluded_lines": [], "start_line": 17}, "AuditLogger.log_create": {"executed_lines": [], "summary": {"covered_lines": 0, "num_statements": 3, "percent_covered": 0.0, "percent_covered_display": "0.00", "missing_lines": 3, "excluded_lines": 0, "percent_statements_covered": 0.0, "percent_statements_covered_display": "0.00"}, "missing_lines": [83, 84, 86], "excluded_lines": [], "start_line": 73}, "AuditLogger.log_update": {"executed_lines": [], "summary": {"covered_lines": 0, "num_statements": 4, "percent_covered": 0.0, "percent_covered_display": "0.00", "missing_lines": 4, "excluded_lines": 0, "percent_statements_covered": 0.0, "percent_statements_covered_display": "0.00"}, "missing_lines": [109, 110, 111, 113], "excluded_lines": [], "start_line": 98}, "AuditLogger.log_delete": {"executed_lines": [], "summary": {"covered_lines": 0, "num_statements": 3, "percent_covered": 0.0, "percent_covered_display": "0.00", "missing_lines": 3, "excluded_lines": 0, "percent_statements_covered": 0.0, "percent_statements_covered_display": "0.00"}, "missing_lines": [136, 137, 139], "excluded_lines": [], "start_line": 126}, "AuditLogger.log_transfer": {"executed_lines": [], "summary": {"covered_lines": 0, "num_statements": 2, "percent_covered": 0.0, "percent_covered_display": "0.00", "missing_lines": 2, "excluded_lines": 0, "percent_statements_covered": 0.0, "percent_statements_covered_display": "0.00"}, "missing_lines": [162, 164], "excluded_lines": [], "start_line": 151}, "AuditLogger.log_approval": {"executed_lines": [], "summary": {"covered_lines": 0, "num_statements": 1, "percent_covered": 0.0, "percent_covered_display": "0.00", "missing_lines": 1, "excluded_lines": 0, "percent_statements_covered": 0.0, "percent_statements_covered_display": "0.00"}, "missing_lines": [190], "excluded_lines": [], "start_line": 181}, "AuditLogger.log_login": {"executed_lines": [], "summary": {"covered_lines": 0, "num_statements": 7, "percent_covered": 0.0, "percent_covered_display": "0.00", "missing_lines": 7, "excluded_lines": 0, "percent_statements_covered": 0.0, "percent_statements_covered_display": "0.00"}, "missing_lines": [208, 209, 210, 212, 213, 216, 222], "excluded_lines": [], "start_line": 201}, "AuditLogger.log_export": {"executed_lines": [], "summary": {"covered_lines": 0, "num_statements": 2, "percent_covered": 0.0, "percent_covered_display": "0.00", "missing_lines": 2, "excluded_lines": 0, "percent_statements_covered": 0.0, "percent_statements_covered_display": "0.00"}, "missing_lines": [240, 242], "excluded_lines": [], "start_line": 232}, "SecurityLogger.log_failed_login": {"executed_lines": [], "summary": {"covered_lines": 0, "num_statements": 9, "percent_covered": 0.0, "percent_covered_display": "0.00", "missing_lines": 9, "excluded_lines": 0, "percent_statements_covered": 0.0, "percent_statements_covered_display": "0.00"}, "missing_lines": [264, 273, 274, 277, 278, 284, 285, 286, 288], "excluded_lines": [], "start_line": 257}, "SecurityLogger.log_unauthorized_access": {"executed_lines": [], "summary": {"covered_lines": 0, "num_statements": 4, "percent_covered": 0.0, "percent_covered_display": "0.00", "missing_lines": 4, "excluded_lines": 0, "percent_statements_covered": 0.0, "percent_statements_covered_display": "0.00"}, "missing_lines": [299, 309, 310, 312], "excluded_lines": [], "start_line": 291}, "ActivityLogger.log_activity": {"executed_lines": [], "summary": {"covered_lines": 0, "num_statements": 4, "percent_covered": 0.0, "percent_covered_display": "0.00", "missing_lines": 4, "excluded_lines": 0, "percent_statements_covered": 0.0, "percent_statements_covered_display": "0.00"}, "missing_lines": [328, 336, 337, 339], "excluded_lines": [], "start_line": 319}, "": {"executed_lines": [4, 5, 7, 9, 10, 13, 16, 17, 72, 73, 97, 98, 125, 126, 150, 151, 180, 181, 200, 201, 231, 232, 253, 256, 257, 290, 291, 315, 318, 319, 343], "summary": {"covered_lines": 31, "num_statements": 31, "percent_covered": 100.0, "percent_covered_display": "100.00", "missing_lines": 0, "excluded_lines": 0, "percent_statements_covered": 100.0, "percent_statements_covered_display": "100.00"}, "missing_lines": [], "excluded_lines": [], "start_line": 1}}, "classes": {"AuditLogger": {"executed_lines": [], "summary": {"covered_lines": 0, "num_statements": 26, "percent_covered": 0.0, "percent_covered_display": "0.00", "missing_lines": 26, "excluded_lines": 0, "percent_statements_covered": 0.0, "percent_statements_covered_display": "0.00"}, "missing_lines": [50, 67, 68, 70, 83, 84, 86, 109, 110, 111, 113, 136, 137, 139, 162, 164, 190, 208, 209, 210, 212, 213, 216, 222, 240, 242], "excluded_lines": [], "start_line": 13}, "SecurityLogger": {"executed_lines": [], "summary": {"covered_lines": 0, "num_statements": 13, "percent_covered": 0.0, "percent_covered_display": "0.00", "missing_lines": 13, "excluded_lines": 0, "percent_statements_covered": 0.0, "percent_statements_covered_display": "0.00"}, "missing_lines": [264, 273, 274, 277, 278, 284, 285, 286, 288, 299, 309, 310, 312], "excluded_lines": [], "start_line": 253}, "ActivityLogger": {"executed_lines": [], "summary": {"covered_lines": 0, "num_statements": 4, "percent_covered": 0.0, "percent_covered_display": "0.00", "missing_lines": 4, "excluded_lines": 0, "percent_statements_covered": 0.0, "percent_statements_covered_display": "0.00"}, "missing_lines": [328, 336, 337, 339], "excluded_lines": [], "start_line": 315}, "": {"executed_lines": [4, 5, 7, 9, 10, 13, 16, 17, 72, 73, 97, 98, 125, 126, 150, 151, 180, 181, 200, 201, 231, 232, 253, 256, 257, 290, 291, 315, 318, 319, 343], "summary": {"covered_lines": 31, "num_statements": 31, "percent_covered": 100.0, "percent_covered_display": "100.00", "missing_lines": 0, "excluded_lines": 0, "percent_statements_covered": 100.0, "percent_statements_covered_display": "100.00"}, "missing_lines": [], "excluded_lines": [], "start_line": 1}}}}, "totals": {"covered_lines": 3587, "num_statements": 7892, "percent_covered": 45.45108971109985, "percent_covered_display": "45.45", "missing_lines": 4305, "excluded_lines": 62, "percent_statements_covered": 45.45108971109985, "percent_statements_covered_display": "45.45"}}